Using pre-set license
Built from '2020.3/staging' branch; Version is '2020.3.26f1 (7298b473bc1a) revision 7510196'; Using compiler version '192528614'; Build Type 'Release'
OS: 'Windows 10  (10.0.19043) 64bit Professional' Language: 'en' Physical Memory: 15775 MB
BatchMode: 1, IsHumanControllingUs: 0, StartBugReporterOnCrash: 0, Is64bit: 1, IsPro: 0

COMMAND LINE ARGUMENTS:
C:\Program Files\Unity\Hub\Editor\2020.3.26f1\Editor\Unity.exe
-adb2
-batchMode
-noUpm
-name
AssetImportWorker0
-projectPath
J:/===TEMP===/Clone/poker-face/unityWorkingFolder/Texas Holdem
-logFile
Logs/AssetImportWorker0.log
-srvPort
52299
Successfully changed project path to: J:/===TEMP===/Clone/poker-face/unityWorkingFolder/Texas Holdem
J:/===TEMP===/Clone/poker-face/unityWorkingFolder/Texas Holdem
Using Asset Import Pipeline V2.
Refreshing native plugins compatible for Editor in 47.71 ms, found 2 plugins.
Preloading 0 native plugins for Editor in 0.00 ms.
Initialize engine version: 2020.3.26f1 (7298b473bc1a)
[Subsystems] Discovering subsystems at path C:/Program Files/Unity/Hub/Editor/2020.3.26f1/Editor/Data/Resources/UnitySubsystems
[Subsystems] Discovering subsystems at path J:/===TEMP===/Clone/poker-face/unityWorkingFolder/Texas Holdem/Assets
GfxDevice: creating device client; threaded=0
Direct3D:
    Version:  Direct3D 11.0 [level 11.1]
    Renderer: NVIDIA GeForce RTX 3050 Laptop GPU (ID=0x25a2)
    Vendor:   
    VRAM:     3991 MB
    Driver:   30.0.15.1169
Initialize mono
Mono path[0] = 'C:/Program Files/Unity/Hub/Editor/2020.3.26f1/Editor/Data/Managed'
Mono path[1] = 'C:/Program Files/Unity/Hub/Editor/2020.3.26f1/Editor/Data/MonoBleedingEdge/lib/mono/unityjit'
Mono config path = 'C:/Program Files/Unity/Hub/Editor/2020.3.26f1/Editor/Data/MonoBleedingEdge/etc'
Using monoOptions --debugger-agent=transport=dt_socket,embedding=1,server=y,suspend=n,address=127.0.0.1:56436
Begin MonoManager ReloadAssembly
Registering precompiled unity dll's ...
Register platform support module: C:/Program Files/Unity/Hub/Editor/2020.3.26f1/Editor/Data/PlaybackEngines/WebGLSupport/UnityEditor.WebGL.Extensions.dll
Register platform support module: C:/Program Files/Unity/Hub/Editor/2020.3.26f1/Editor/Data/PlaybackEngines/MacStandaloneSupport/UnityEditor.OSXStandalone.Extensions.dll
Register platform support module: C:/Program Files/Unity/Hub/Editor/2020.3.26f1/Editor/Data/PlaybackEngines/WindowsStandaloneSupport/UnityEditor.WindowsStandalone.Extensions.dll
Register platform support module: C:/Program Files/Unity/Hub/Editor/2020.3.26f1/Editor/Data/PlaybackEngines/LinuxStandaloneSupport/UnityEditor.LinuxStandalone.Extensions.dll
Register platform support module: C:/Program Files/Unity/Hub/Editor/2020.3.26f1/Editor/Data/PlaybackEngines/LuminSupport/UnityEditor.Lumin.Extensions.dll
Registered in 0.003057 seconds.
Native extension for Lumin target not found
Native extension for LinuxStandalone target not found
Native extension for WindowsStandalone target not found
Native extension for OSXStandalone target not found
Native extension for WebGL target not found
Refreshing native plugins compatible for Editor in 49.62 ms, found 2 plugins.
Preloading 0 native plugins for Editor in 0.00 ms.
Mono: successfully reloaded assembly
- Completed reload, in  0.557 seconds
Domain Reload Profiling:
	ReloadAssembly (557ms)
		BeginReloadAssembly (47ms)
			ExecutionOrderSort (0ms)
			DisableScriptedObjects (0ms)
			BackupInstance (0ms)
			ReleaseScriptingObjects (0ms)
			CreateAndSetChildDomain (1ms)
		EndReloadAssembly (443ms)
			LoadAssemblies (46ms)
			RebuildTransferFunctionScriptingTraits (0ms)
			SetupTypeCache (136ms)
			ReleaseScriptCaches (0ms)
			RebuildScriptCaches (28ms)
			SetupLoadedEditorAssemblies (186ms)
				LogAssemblyErrors (0ms)
				InitializePlatformSupportModulesInManaged (9ms)
				SetLoadedEditorAssemblies (0ms)
				RefreshPlugins (50ms)
				BeforeProcessingInitializeOnLoad (20ms)
				ProcessInitializeOnLoadAttributes (80ms)
				ProcessInitializeOnLoadMethodAttributes (27ms)
				AfterProcessingInitializeOnLoad (0ms)
				EditorAssembliesLoaded (0ms)
			ExecutionOrderSort2 (0ms)
			AwakeInstancesAfterBackupRestoration (0ms)
Platform modules already initialized, skipping
Registering precompiled user dll's ...
Registered in 0.003449 seconds.
Begin MonoManager ReloadAssembly
Native extension for Lumin target not found
Native extension for LinuxStandalone target not found
Native extension for WindowsStandalone target not found
Native extension for OSXStandalone target not found
Native extension for WebGL target not found
Refreshing native plugins compatible for Editor in 0.69 ms, found 2 plugins.
Preloading 0 native plugins for Editor in 0.00 ms.
Mono: successfully reloaded assembly
- Completed reload, in  0.943 seconds
Domain Reload Profiling:
	ReloadAssembly (944ms)
		BeginReloadAssembly (126ms)
			ExecutionOrderSort (0ms)
			DisableScriptedObjects (4ms)
			BackupInstance (0ms)
			ReleaseScriptingObjects (0ms)
			CreateAndSetChildDomain (19ms)
		EndReloadAssembly (767ms)
			LoadAssemblies (74ms)
			RebuildTransferFunctionScriptingTraits (0ms)
			SetupTypeCache (241ms)
			ReleaseScriptCaches (0ms)
			RebuildScriptCaches (45ms)
			SetupLoadedEditorAssemblies (337ms)
				LogAssemblyErrors (0ms)
				InitializePlatformSupportModulesInManaged (7ms)
				SetLoadedEditorAssemblies (1ms)
				RefreshPlugins (1ms)
				BeforeProcessingInitializeOnLoad (83ms)
				ProcessInitializeOnLoadAttributes (202ms)
				ProcessInitializeOnLoadMethodAttributes (37ms)
				AfterProcessingInitializeOnLoad (5ms)
				EditorAssembliesLoaded (0ms)
			ExecutionOrderSort2 (0ms)
			AwakeInstancesAfterBackupRestoration (6ms)
Platform modules already initialized, skipping
========================================================================
Worker process is ready to serve import requests
Launched and connected shader compiler UnityShaderCompiler.exe after 0.04 seconds
Refreshing native plugins compatible for Editor in 0.68 ms, found 2 plugins.
Preloading 0 native plugins for Editor in 0.00 ms.
Unloading 2151 Unused Serialized files (Serialized files now loaded: 0)
System memory in use before: 87.2 MB.
System memory in use after: 87.3 MB.

Unloading 58 unused Assets to reduce memory usage. Loaded Objects now: 2555.
Total: 5.643100 ms (FindLiveObjects: 0.180800 ms CreateObjectMapping: 0.052300 ms MarkObjects: 5.334900 ms  DeleteObjects: 0.074100 ms)

AssetImportParameters requested are different than current active one (requested -> active):
  custom:framework-win-MediaFoundation: 216162199b28c13a410421893ffa2e32 -> 
  custom:video-decoder-ogg-theora: a1e56fd34408186e4bbccfd4996cb3dc -> 
  custom:container-muxer-webm: aa71ff27fc2769a1b78a27578f13a17b -> 
  custom:container-demuxer-webm: 4f35f7cbe854078d1ac9338744f61a02 -> 
  custom:container-demuxer-ogg: 62fdf1f143b41e24485cea50d1cbac27 -> 
  custom:video-encoder-webm-vp8: eb34c28f22e8b96e1ab97ce403110664 -> 
  custom:video-decoder-webm-vp8: 9c59270c3fd7afecdb556c50c9e8de78 -> 
  custom:audio-decoder-ogg-vorbis: bf7c407c2cedff20999df2af8eb42d56 -> 
  custom:audio-encoder-webm-vorbis: bf7c407c2cedff20999df2af8eb42d56 -> 
========================================================================
Received Import Request.
  path: Assets/Scripts/UI
  artifactKey: Guid(0c659a9cfc0d85e489cdba295c8df981) Importer(815301076,1909f56bfc062723c751e8b465ee728b)
Start importing Assets/Scripts/UI using Guid(0c659a9cfc0d85e489cdba295c8df981) Importer(815301076,1909f56bfc062723c751e8b465ee728b)  -> (artifact id: 'c6444321f49f2d93766e41922498c8c0') in 0.008175 seconds 
  Import took 0.011104 seconds .

========================================================================
Received Import Request.
  Time since last request: 2.524076 seconds.
  path: Assets/Scripts/CSVToCards.cs
  artifactKey: Guid(8354d331a1fd0f849a007625274cb76e) Importer(815301076,1909f56bfc062723c751e8b465ee728b)
Start importing Assets/Scripts/CSVToCards.cs using Guid(8354d331a1fd0f849a007625274cb76e) Importer(815301076,1909f56bfc062723c751e8b465ee728b)  -> (artifact id: '8671f303bb03774601d571ee10f5f0eb') in 0.016060 seconds 
  Import took 0.019038 seconds .

========================================================================
Received Import Request.
  Time since last request: 42.333254 seconds.
  path: Assets/Scripts/UI/Card
  artifactKey: Guid(2c347e48170507542917ef87b8385d32) Importer(815301076,1909f56bfc062723c751e8b465ee728b)
Start importing Assets/Scripts/UI/Card using Guid(2c347e48170507542917ef87b8385d32) Importer(815301076,1909f56bfc062723c751e8b465ee728b)  -> (artifact id: 'f2e7157fc2637a4c632d514d56fc658b') in 0.006196 seconds 
  Import took 0.009158 seconds .

========================================================================
Received Import Request.
  Time since last request: 2.106539 seconds.
  path: Assets/Scripts/UI/DummyCard.prefab
  artifactKey: Guid(c3085bd90ef44f8459a970ff2ca4a362) Importer(815301076,1909f56bfc062723c751e8b465ee728b)
Start importing Assets/Scripts/UI/DummyCard.prefab using Guid(c3085bd90ef44f8459a970ff2ca4a362) Importer(815301076,1909f56bfc062723c751e8b465ee728b)  -> (artifact id: 'bbcedd11669e3b9d1c87fdb2cf83a59f') in 0.030937 seconds 
  Import took 0.033989 seconds .

========================================================================
Received Prepare
Registering precompiled user dll's ...
Registered in 0.004959 seconds.
Begin MonoManager ReloadAssembly
Native extension for Lumin target not found
Native extension for LinuxStandalone target not found
Native extension for WindowsStandalone target not found
Native extension for OSXStandalone target not found
Native extension for WebGL target not found
Refreshing native plugins compatible for Editor in 0.71 ms, found 2 plugins.
Preloading 0 native plugins for Editor in 0.00 ms.
Mono: successfully reloaded assembly
- Completed reload, in  0.899 seconds
Domain Reload Profiling:
	ReloadAssembly (900ms)
		BeginReloadAssembly (107ms)
			ExecutionOrderSort (0ms)
			DisableScriptedObjects (5ms)
			BackupInstance (0ms)
			ReleaseScriptingObjects (0ms)
			CreateAndSetChildDomain (36ms)
		EndReloadAssembly (746ms)
			LoadAssemblies (77ms)
			RebuildTransferFunctionScriptingTraits (0ms)
			SetupTypeCache (234ms)
			ReleaseScriptCaches (1ms)
			RebuildScriptCaches (42ms)
			SetupLoadedEditorAssemblies (313ms)
				LogAssemblyErrors (0ms)
				InitializePlatformSupportModulesInManaged (8ms)
				SetLoadedEditorAssemblies (0ms)
				RefreshPlugins (1ms)
				BeforeProcessingInitializeOnLoad (78ms)
				ProcessInitializeOnLoadAttributes (189ms)
				ProcessInitializeOnLoadMethodAttributes (32ms)
				AfterProcessingInitializeOnLoad (5ms)
				EditorAssembliesLoaded (0ms)
			ExecutionOrderSort2 (0ms)
			AwakeInstancesAfterBackupRestoration (6ms)
Platform modules already initialized, skipping
Refreshing native plugins compatible for Editor in 0.69 ms, found 2 plugins.
Preloading 0 native plugins for Editor in 0.00 ms.
Unloading 2134 Unused Serialized files (Serialized files now loaded: 0)
System memory in use before: 85.9 MB.
System memory in use after: 86.1 MB.

Unloading 49 unused Assets to reduce memory usage. Loaded Objects now: 2557.
Total: 5.364500 ms (FindLiveObjects: 0.153000 ms CreateObjectMapping: 0.057300 ms MarkObjects: 5.129300 ms  DeleteObjects: 0.023800 ms)

AssetImportParameters requested are different than current active one (requested -> active):
  custom:framework-win-MediaFoundation: 216162199b28c13a410421893ffa2e32 -> 
  custom:video-decoder-ogg-theora: a1e56fd34408186e4bbccfd4996cb3dc -> 
  custom:container-muxer-webm: aa71ff27fc2769a1b78a27578f13a17b -> 
  custom:container-demuxer-webm: 4f35f7cbe854078d1ac9338744f61a02 -> 
  custom:container-demuxer-ogg: 62fdf1f143b41e24485cea50d1cbac27 -> 
  custom:video-encoder-webm-vp8: eb34c28f22e8b96e1ab97ce403110664 -> 
  custom:video-decoder-webm-vp8: 9c59270c3fd7afecdb556c50c9e8de78 -> 
  custom:audio-decoder-ogg-vorbis: bf7c407c2cedff20999df2af8eb42d56 -> 
  custom:audio-encoder-webm-vorbis: bf7c407c2cedff20999df2af8eb42d56 -> 
========================================================================
Received Import Request.
  Time since last request: 11.125627 seconds.
  path: Assets/Scripts/UI/Card/Card.prefab
  artifactKey: Guid(38d98972650092444b0114bf6c9e45b9) Importer(815301076,1909f56bfc062723c751e8b465ee728b)
Start importing Assets/Scripts/UI/Card/Card.prefab using Guid(38d98972650092444b0114bf6c9e45b9) Importer(815301076,1909f56bfc062723c751e8b465ee728b)  -> (artifact id: '7759b2524124b5564bf01c1472ab388a') in 0.027635 seconds 
  Import took 0.030657 seconds .

========================================================================
Received Import Request.
  Time since last request: 19.311074 seconds.
  path: Assets/Scripts/UI/Card/CardView.cs
  artifactKey: Guid(310f7f8b771cad045b0a57b24a8bd6d6) Importer(815301076,1909f56bfc062723c751e8b465ee728b)
Start importing Assets/Scripts/UI/Card/CardView.cs using Guid(310f7f8b771cad045b0a57b24a8bd6d6) Importer(815301076,1909f56bfc062723c751e8b465ee728b)  -> (artifact id: '365b5b18b86b5dd016448e9273cfe1d1') in 0.005118 seconds 
  Import took 0.008247 seconds .

========================================================================
Received Import Request.
  Time since last request: 13.850648 seconds.
  path: Assets/Scripts/CardManager.cs
  artifactKey: Guid(2fb09cf400f2d7c468e33b3fce8d62a6) Importer(815301076,1909f56bfc062723c751e8b465ee728b)
Start importing Assets/Scripts/CardManager.cs using Guid(2fb09cf400f2d7c468e33b3fce8d62a6) Importer(815301076,1909f56bfc062723c751e8b465ee728b)  -> (artifact id: '4264162e6100eac51bef40523b9624f8') in 0.005237 seconds 
  Import took 0.008271 seconds .

========================================================================
Received Import Request.
  Time since last request: 16.223971 seconds.
  path: Assets/Scripts/UI/Card/Data
  artifactKey: Guid(9e4a98e5dfabdea409eccd6639e236cc) Importer(815301076,1909f56bfc062723c751e8b465ee728b)
Start importing Assets/Scripts/UI/Card/Data using Guid(9e4a98e5dfabdea409eccd6639e236cc) Importer(815301076,1909f56bfc062723c751e8b465ee728b)  -> (artifact id: '1b4f5beecc983cee918b6896a76977a9') in 0.007452 seconds 
  Import took 0.010342 seconds .

========================================================================
Received Import Request.
  Time since last request: 60.068455 seconds.
  path: Assets/Scripts/Setup
  artifactKey: Guid(a395939ed582a6843a7f8ad5d805a8f6) Importer(815301076,1909f56bfc062723c751e8b465ee728b)
Start importing Assets/Scripts/Setup using Guid(a395939ed582a6843a7f8ad5d805a8f6) Importer(815301076,1909f56bfc062723c751e8b465ee728b)  -> (artifact id: '228b87ae5897a7108c417aaaaa3a9d50') in 0.006351 seconds 
  Import took 0.009407 seconds .

========================================================================
Received Prepare
Registering precompiled user dll's ...
Registered in 0.002837 seconds.
Begin MonoManager ReloadAssembly
Native extension for Lumin target not found
Native extension for LinuxStandalone target not found
Native extension for WindowsStandalone target not found
Native extension for OSXStandalone target not found
Native extension for WebGL target not found
Refreshing native plugins compatible for Editor in 0.70 ms, found 2 plugins.
Preloading 0 native plugins for Editor in 0.00 ms.
Mono: successfully reloaded assembly
- Completed reload, in  0.833 seconds
Domain Reload Profiling:
	ReloadAssembly (833ms)
		BeginReloadAssembly (99ms)
			ExecutionOrderSort (0ms)
			DisableScriptedObjects (5ms)
			BackupInstance (0ms)
			ReleaseScriptingObjects (0ms)
			CreateAndSetChildDomain (32ms)
		EndReloadAssembly (684ms)
			LoadAssemblies (71ms)
			RebuildTransferFunctionScriptingTraits (0ms)
			SetupTypeCache (201ms)
			ReleaseScriptCaches (1ms)
			RebuildScriptCaches (34ms)
			SetupLoadedEditorAssemblies (311ms)
				LogAssemblyErrors (0ms)
				InitializePlatformSupportModulesInManaged (7ms)
				SetLoadedEditorAssemblies (0ms)
				RefreshPlugins (1ms)
				BeforeProcessingInitializeOnLoad (75ms)
				ProcessInitializeOnLoadAttributes (190ms)
				ProcessInitializeOnLoadMethodAttributes (32ms)
				AfterProcessingInitializeOnLoad (5ms)
				EditorAssembliesLoaded (0ms)
			ExecutionOrderSort2 (0ms)
			AwakeInstancesAfterBackupRestoration (6ms)
Platform modules already initialized, skipping
Refreshing native plugins compatible for Editor in 0.68 ms, found 2 plugins.
Preloading 0 native plugins for Editor in 0.00 ms.
Unloading 2134 Unused Serialized files (Serialized files now loaded: 0)
System memory in use before: 86.0 MB.
System memory in use after: 86.1 MB.

Unloading 49 unused Assets to reduce memory usage. Loaded Objects now: 2559.
Total: 5.015000 ms (FindLiveObjects: 0.152900 ms CreateObjectMapping: 0.054800 ms MarkObjects: 4.787700 ms  DeleteObjects: 0.018900 ms)

AssetImportParameters requested are different than current active one (requested -> active):
  custom:framework-win-MediaFoundation: 216162199b28c13a410421893ffa2e32 -> 
  custom:video-decoder-ogg-theora: a1e56fd34408186e4bbccfd4996cb3dc -> 
  custom:container-muxer-webm: aa71ff27fc2769a1b78a27578f13a17b -> 
  custom:container-demuxer-webm: 4f35f7cbe854078d1ac9338744f61a02 -> 
  custom:container-demuxer-ogg: 62fdf1f143b41e24485cea50d1cbac27 -> 
  custom:video-encoder-webm-vp8: eb34c28f22e8b96e1ab97ce403110664 -> 
  custom:video-decoder-webm-vp8: 9c59270c3fd7afecdb556c50c9e8de78 -> 
  custom:audio-decoder-ogg-vorbis: bf7c407c2cedff20999df2af8eb42d56 -> 
  custom:audio-encoder-webm-vorbis: bf7c407c2cedff20999df2af8eb42d56 -> 
========================================================================
Received Import Request.
  Time since last request: 112.889364 seconds.
  path: Assets/CSV/Cards.xlsx.csv
  artifactKey: Guid(4e22e9de31024be4a9bab921d467f0e8) Importer(815301076,1909f56bfc062723c751e8b465ee728b)
Start importing Assets/CSV/Cards.xlsx.csv using Guid(4e22e9de31024be4a9bab921d467f0e8) Importer(815301076,1909f56bfc062723c751e8b465ee728b)  -> (artifact id: 'b353437f157739faa9acd3b9a330fccb') in 0.020610 seconds 
  Import took 0.023930 seconds .

========================================================================
Received Import Request.
  Time since last request: 1.144866 seconds.
  path: Assets/CSV/Cards.xlsx
  artifactKey: Guid(0168d7b1abc42e549a577f9eb1d9aab5) Importer(815301076,1909f56bfc062723c751e8b465ee728b)
Start importing Assets/CSV/Cards.xlsx using Guid(0168d7b1abc42e549a577f9eb1d9aab5) Importer(815301076,1909f56bfc062723c751e8b465ee728b)  -> (artifact id: '8ed9d614bd4316c064d28e9ba00ad733') in 0.009050 seconds 
  Import took 0.013021 seconds .

========================================================================
Received Import Request.
  Time since last request: 132.519249 seconds.
  path: Assets/CSV/Cards.csv
  artifactKey: Guid(b0ef55dc465f6154d931838c9d1d964d) Importer(815301076,1909f56bfc062723c751e8b465ee728b)
Start importing Assets/CSV/Cards.csv using Guid(b0ef55dc465f6154d931838c9d1d964d) Importer(815301076,1909f56bfc062723c751e8b465ee728b)  -> (artifact id: '5d226a58cf5b644e4240b861fa8203b5') in 0.002900 seconds 
  Import took 0.007087 seconds .

========================================================================
Received Import Request.
  Time since last request: 26.126913 seconds.
  path: Assets/Scripts/UI/Card/Data/Ten-Heart.asset
  artifactKey: Guid(83bbdbeb34c74c348b86f30b05638432) Importer(815301076,1909f56bfc062723c751e8b465ee728b)
Start importing Assets/Scripts/UI/Card/Data/Ten-Heart.asset using Guid(83bbdbeb34c74c348b86f30b05638432) Importer(815301076,1909f56bfc062723c751e8b465ee728b)  -> (artifact id: 'f589eecb75ace0d69ec9b36144e7e0db') in 0.009159 seconds 
  Import took 0.013528 seconds .

========================================================================
Received Import Request.
  Time since last request: 0.371468 seconds.
  path: Assets/Scripts/UI/Card/Data/Three-Sword.asset
  artifactKey: Guid(fc111ca71e2e6ab4a899cd971927fe00) Importer(815301076,1909f56bfc062723c751e8b465ee728b)
Start importing Assets/Scripts/UI/Card/Data/Three-Sword.asset using Guid(fc111ca71e2e6ab4a899cd971927fe00) Importer(815301076,1909f56bfc062723c751e8b465ee728b)  -> (artifact id: '496cee5e7a4ce59abb2661aa6a925b40') in 0.008938 seconds 
  Import took 0.013215 seconds .

========================================================================
Received Import Request.
  Time since last request: 0.585135 seconds.
  path: Assets/Scripts/UI/Card/Data/Two-Heart.asset
  artifactKey: Guid(7361bbd64eeda93418b9a91a6009e5ad) Importer(815301076,1909f56bfc062723c751e8b465ee728b)
Start importing Assets/Scripts/UI/Card/Data/Two-Heart.asset using Guid(7361bbd64eeda93418b9a91a6009e5ad) Importer(815301076,1909f56bfc062723c751e8b465ee728b)  -> (artifact id: 'fecca38cbc8087292c20c4e9114fa403') in 0.009722 seconds 
  Import took 0.013886 seconds .

========================================================================
Received Import Request.
  Time since last request: 0.460333 seconds.
  path: Assets/Scripts/UI/Card/Data/Ten-Diamond.asset
  artifactKey: Guid(aa5793287a835ff47a05c225fc165a17) Importer(815301076,1909f56bfc062723c751e8b465ee728b)
Start importing Assets/Scripts/UI/Card/Data/Ten-Diamond.asset using Guid(aa5793287a835ff47a05c225fc165a17) Importer(815301076,1909f56bfc062723c751e8b465ee728b)  -> (artifact id: 'e35a791950306dae140c4d277339accd') in 0.009126 seconds 
  Import took 0.013878 seconds .

========================================================================
Received Import Request.
  Time since last request: 0.364803 seconds.
  path: Assets/Scripts/UI/Card/Data/Six-Heart.asset
  artifactKey: Guid(9a85386901e94e14b9362bbf9ee0f440) Importer(815301076,1909f56bfc062723c751e8b465ee728b)
Start importing Assets/Scripts/UI/Card/Data/Six-Heart.asset using Guid(9a85386901e94e14b9362bbf9ee0f440) Importer(815301076,1909f56bfc062723c751e8b465ee728b)  -> (artifact id: '79705a10a1fda4dbe7b813527f949ed4') in 0.008695 seconds 
  Import took 0.013423 seconds .

========================================================================
Received Import Request.
  Time since last request: 0.253914 seconds.
  path: Assets/Scripts/UI/Card/Data/Seven-Sword.asset
  artifactKey: Guid(30d8faadfc7af884ebc92cec3ce32a7c) Importer(815301076,1909f56bfc062723c751e8b465ee728b)
Start importing Assets/Scripts/UI/Card/Data/Seven-Sword.asset using Guid(30d8faadfc7af884ebc92cec3ce32a7c) Importer(815301076,1909f56bfc062723c751e8b465ee728b)  -> (artifact id: '18d2a7934ba975b69cdff4cfede2549e') in 0.008453 seconds 
  Import took 0.012693 seconds .

========================================================================
Received Import Request.
  Time since last request: 1.929849 seconds.
  path: Assets/Scripts/UI/Card/Data/Ace-Crown.asset
  artifactKey: Guid(926b1b67d90282c40819dd05c92e5041) Importer(815301076,1909f56bfc062723c751e8b465ee728b)
Start importing Assets/Scripts/UI/Card/Data/Ace-Crown.asset using Guid(926b1b67d90282c40819dd05c92e5041) Importer(815301076,1909f56bfc062723c751e8b465ee728b)  -> (artifact id: 'c3260732e5b23b21a12cf3e6a7388892') in 0.008557 seconds 
  Import took 0.012729 seconds .

========================================================================
Received Import Request.
  Time since last request: 8.325832 seconds.
  path: Assets/Scripts/UI/Card/Data/Ace-Diamond.asset
  artifactKey: Guid(4615e0797211a8e4aab04e41eea8f8e5) Importer(815301076,1909f56bfc062723c751e8b465ee728b)
Start importing Assets/Scripts/UI/Card/Data/Ace-Diamond.asset using Guid(4615e0797211a8e4aab04e41eea8f8e5) Importer(815301076,1909f56bfc062723c751e8b465ee728b)  -> (artifact id: 'daf313a111c87db6e248751297f0206c') in 0.006070 seconds 
  Import took 0.009177 seconds .

========================================================================
Received Import Request.
  Time since last request: 5.834869 seconds.
  path: Assets/Scripts/UI/Card/Data/Ace-Heart.asset
  artifactKey: Guid(bd8da534229a01548ba754bd908f6310) Importer(815301076,1909f56bfc062723c751e8b465ee728b)
Start importing Assets/Scripts/UI/Card/Data/Ace-Heart.asset using Guid(bd8da534229a01548ba754bd908f6310) Importer(815301076,1909f56bfc062723c751e8b465ee728b)  -> (artifact id: '21f54ec34d02cb9e5f51f87c61f36fc1') in 0.007087 seconds 
  Import took 0.010526 seconds .

========================================================================
Received Import Request.
  Time since last request: 3.767685 seconds.
  path: Assets/Scripts/UI/Card/Data/Ace-Sword.asset
  artifactKey: Guid(7ca79866b5247494caa1d1bf48d061f6) Importer(815301076,1909f56bfc062723c751e8b465ee728b)
Start importing Assets/Scripts/UI/Card/Data/Ace-Sword.asset using Guid(7ca79866b5247494caa1d1bf48d061f6) Importer(815301076,1909f56bfc062723c751e8b465ee728b)  -> (artifact id: '5e636229010e6d526e1fe24b6ba4b19e') in 0.008178 seconds 
  Import took 0.012550 seconds .

========================================================================
Received Import Request.
  Time since last request: 4.479963 seconds.
  path: Assets/Scripts/UI/Card/Data/Eight-Crown.asset
  artifactKey: Guid(f1f5cbd1ebf1c3144b83868d3368160d) Importer(815301076,1909f56bfc062723c751e8b465ee728b)
Start importing Assets/Scripts/UI/Card/Data/Eight-Crown.asset using Guid(f1f5cbd1ebf1c3144b83868d3368160d) Importer(815301076,1909f56bfc062723c751e8b465ee728b)  -> (artifact id: 'f8d7bddaabafc885c877d88ed23def01') in 0.006916 seconds 
  Import took 0.011250 seconds .

========================================================================
Received Import Request.
  Time since last request: 0.659897 seconds.
  path: Assets/Scripts/UI/Card/Data/Eight-Diamond.asset
  artifactKey: Guid(5606ed0f11a61a449922a42c5ec95f3e) Importer(815301076,1909f56bfc062723c751e8b465ee728b)
Start importing Assets/Scripts/UI/Card/Data/Eight-Diamond.asset using Guid(5606ed0f11a61a449922a42c5ec95f3e) Importer(815301076,1909f56bfc062723c751e8b465ee728b)  -> (artifact id: '0b9210db98be72d6a2cfeb2c8d645aab') in 0.012152 seconds 
  Import took 0.017155 seconds .

========================================================================
Received Import Request.
  Time since last request: 5.174902 seconds.
  path: Assets/Scripts/UI/Card/Data/Ace-Crown.asset
  artifactKey: Guid(926b1b67d90282c40819dd05c92e5041) Importer(815301076,1909f56bfc062723c751e8b465ee728b)
Start importing Assets/Scripts/UI/Card/Data/Ace-Crown.asset using Guid(926b1b67d90282c40819dd05c92e5041) Importer(815301076,1909f56bfc062723c751e8b465ee728b)  -> (artifact id: 'a8b7de8af3f75599dc4067e45bc8702f') in 0.002588 seconds 
  Import took 0.005836 seconds .

========================================================================
Received Import Request.
  Time since last request: 0.411717 seconds.
  path: Assets/Scripts/UI/Card/Data/Ace-Diamond.asset
  artifactKey: Guid(4615e0797211a8e4aab04e41eea8f8e5) Importer(815301076,1909f56bfc062723c751e8b465ee728b)
Start importing Assets/Scripts/UI/Card/Data/Ace-Diamond.asset using Guid(4615e0797211a8e4aab04e41eea8f8e5) Importer(815301076,1909f56bfc062723c751e8b465ee728b)  -> (artifact id: 'ed58b0b40a19aff2f0be776f7583eceb') in 0.002236 seconds 
  Import took 0.005354 seconds .

========================================================================
Received Import Request.
  Time since last request: 0.390725 seconds.
  path: Assets/Scripts/UI/Card/Data/Ace-Heart.asset
  artifactKey: Guid(bd8da534229a01548ba754bd908f6310) Importer(815301076,1909f56bfc062723c751e8b465ee728b)
Start importing Assets/Scripts/UI/Card/Data/Ace-Heart.asset using Guid(bd8da534229a01548ba754bd908f6310) Importer(815301076,1909f56bfc062723c751e8b465ee728b)  -> (artifact id: '877cf771563dffc8a44d204050c8bc5b') in 0.002472 seconds 
  Import took 0.005718 seconds .

========================================================================
Received Import Request.
  Time since last request: 16.275042 seconds.
  path: Assets/Scripts/UI/Card/Data/Ace-Sword.asset
  artifactKey: Guid(7ca79866b5247494caa1d1bf48d061f6) Importer(815301076,1909f56bfc062723c751e8b465ee728b)
Start importing Assets/Scripts/UI/Card/Data/Ace-Sword.asset using Guid(7ca79866b5247494caa1d1bf48d061f6) Importer(815301076,1909f56bfc062723c751e8b465ee728b)  -> (artifact id: '789becc68c7d6650b91b6af1923ff694') in 0.002379 seconds 
  Import took 0.005501 seconds .

========================================================================
Received Import Request.
  Time since last request: 7.134148 seconds.
  path: Assets/Scripts/UI/Card/Data/Two-Sword.asset
  artifactKey: Guid(f0cb8b708cbd50a40a46c67377ecc8b5) Importer(815301076,1909f56bfc062723c751e8b465ee728b)
Start importing Assets/Scripts/UI/Card/Data/Two-Sword.asset using Guid(f0cb8b708cbd50a40a46c67377ecc8b5) Importer(815301076,1909f56bfc062723c751e8b465ee728b)  -> (artifact id: 'db025d3a612c7df46caecbe954318459') in 0.005623 seconds 
  Import took 0.008557 seconds .

========================================================================
Received Import Request.
  Time since last request: 14.699091 seconds.
  path: Assets/Scripts/UI/Card/Data/Two-Diamond.asset
  artifactKey: Guid(898bfcb2145d0014eb71f19880f8cb3a) Importer(815301076,1909f56bfc062723c751e8b465ee728b)
Start importing Assets/Scripts/UI/Card/Data/Two-Diamond.asset using Guid(898bfcb2145d0014eb71f19880f8cb3a) Importer(815301076,1909f56bfc062723c751e8b465ee728b)  -> (artifact id: 'd12260744f812109e408697c2c08c3a7') in 0.006444 seconds 
  Import took 0.010139 seconds .

========================================================================
Received Import Request.
  Time since last request: 2.918355 seconds.
  path: Assets/Scripts/UI/Card/Data/Two-Crown.asset
  artifactKey: Guid(fc4d304963cd1f24dafdd4933e8dbf33) Importer(815301076,1909f56bfc062723c751e8b465ee728b)
Start importing Assets/Scripts/UI/Card/Data/Two-Crown.asset using Guid(fc4d304963cd1f24dafdd4933e8dbf33) Importer(815301076,1909f56bfc062723c751e8b465ee728b)  -> (artifact id: '0c1ecceeddcdfa02ed9fdf6838145423') in 0.009095 seconds 
  Import took 0.013544 seconds .

========================================================================
Received Import Request.
  Time since last request: 25.803037 seconds.
  path: Assets/Scripts/UI/Card/Data/Three-Sword.asset
  artifactKey: Guid(fc111ca71e2e6ab4a899cd971927fe00) Importer(815301076,1909f56bfc062723c751e8b465ee728b)
Start importing Assets/Scripts/UI/Card/Data/Three-Sword.asset using Guid(fc111ca71e2e6ab4a899cd971927fe00) Importer(815301076,1909f56bfc062723c751e8b465ee728b)  -> (artifact id: 'fae59da8b050f457752ae5e4cfb204aa') in 0.002681 seconds 
  Import took 0.005848 seconds .

========================================================================
Received Import Request.
  Time since last request: 9.192084 seconds.
  path: Assets/Scripts/UI/Card/Data/Three-Heart.asset
  artifactKey: Guid(3e43c69bd01bae840be87aa19f2607a4) Importer(815301076,1909f56bfc062723c751e8b465ee728b)
Start importing Assets/Scripts/UI/Card/Data/Three-Heart.asset using Guid(3e43c69bd01bae840be87aa19f2607a4) Importer(815301076,1909f56bfc062723c751e8b465ee728b)  -> (artifact id: '3e5aa52f5d8ffb024537f72331c72679') in 0.006270 seconds 
  Import took 0.009208 seconds .

========================================================================
Received Import Request.
  Time since last request: 12.235389 seconds.
  path: Assets/Scripts/UI/Card/Data/Three-Diamond.asset
  artifactKey: Guid(10a24b8ce80484544ae13bbc046127e2) Importer(815301076,1909f56bfc062723c751e8b465ee728b)
Start importing Assets/Scripts/UI/Card/Data/Three-Diamond.asset using Guid(10a24b8ce80484544ae13bbc046127e2) Importer(815301076,1909f56bfc062723c751e8b465ee728b)  -> (artifact id: '4141a123f87d105dfd1a79202e5748cb') in 0.006583 seconds 
  Import took 0.009564 seconds .

========================================================================
Received Import Request.
  Time since last request: 6.335729 seconds.
  path: Assets/Scripts/UI/Card/Data/Three-Crown.asset
  artifactKey: Guid(30e70d38ed5a51945986755469bcb2b5) Importer(815301076,1909f56bfc062723c751e8b465ee728b)
Start importing Assets/Scripts/UI/Card/Data/Three-Crown.asset using Guid(30e70d38ed5a51945986755469bcb2b5) Importer(815301076,1909f56bfc062723c751e8b465ee728b)  -> (artifact id: '48fd02e4fd08689f69bfbd3ed0eebf8c') in 0.007431 seconds 
  Import took 0.011212 seconds .

========================================================================
Received Import Request.
  Time since last request: 4.034210 seconds.
  path: Assets/Scripts/UI/Card/Data/Ten-Sword.asset
  artifactKey: Guid(3b60af0afff308e4b86630cc39919432) Importer(815301076,1909f56bfc062723c751e8b465ee728b)
Start importing Assets/Scripts/UI/Card/Data/Ten-Sword.asset using Guid(3b60af0afff308e4b86630cc39919432) Importer(815301076,1909f56bfc062723c751e8b465ee728b)  -> (artifact id: '3434ede0548f316b767641fa187eea68') in 0.007076 seconds 
  Import took 0.010593 seconds .

========================================================================
Received Import Request.
  Time since last request: 20.755863 seconds.
  path: Assets/Scripts/UI/Card/Data/Ten-Crown.asset
  artifactKey: Guid(6ec0e492d2a58d0439e69c3a4eabc9f4) Importer(815301076,1909f56bfc062723c751e8b465ee728b)
Start importing Assets/Scripts/UI/Card/Data/Ten-Crown.asset using Guid(6ec0e492d2a58d0439e69c3a4eabc9f4) Importer(815301076,1909f56bfc062723c751e8b465ee728b)  -> (artifact id: '5f29904a4b5786b4530488ab51ad169e') in 0.011462 seconds 
  Import took 0.016317 seconds .

========================================================================
Received Import Request.
  Time since last request: 31.022351 seconds.
  path: Assets/Scripts/UI/Card/Data/Eight-Heart.asset
  artifactKey: Guid(f260482670a121743ad9ca1caadff0ef) Importer(815301076,1909f56bfc062723c751e8b465ee728b)
Start importing Assets/Scripts/UI/Card/Data/Eight-Heart.asset using Guid(f260482670a121743ad9ca1caadff0ef) Importer(815301076,1909f56bfc062723c751e8b465ee728b)  -> (artifact id: 'd718c35ddd5b7a081c9e696be2de5f12') in 0.006902 seconds 
  Import took 0.010874 seconds .

========================================================================
Received Import Request.
  Time since last request: 4.495045 seconds.
  path: Assets/Scripts/UI/Card/Data/Eight-Sword.asset
  artifactKey: Guid(dc7a42fd638324f4980fffe4e0ff5b21) Importer(815301076,1909f56bfc062723c751e8b465ee728b)
Start importing Assets/Scripts/UI/Card/Data/Eight-Sword.asset using Guid(dc7a42fd638324f4980fffe4e0ff5b21) Importer(815301076,1909f56bfc062723c751e8b465ee728b)  -> (artifact id: '15ca48b09bbe88cf7db58277b4d86a09') in 0.007194 seconds 
  Import took 0.010417 seconds .

========================================================================
Received Import Request.
  Time since last request: 4.717880 seconds.
  path: Assets/Scripts/UI/Card/Data/Five-Crown.asset
  artifactKey: Guid(5341821f2bf0aa24085c4bdf3a231802) Importer(815301076,1909f56bfc062723c751e8b465ee728b)
Start importing Assets/Scripts/UI/Card/Data/Five-Crown.asset using Guid(5341821f2bf0aa24085c4bdf3a231802) Importer(815301076,1909f56bfc062723c751e8b465ee728b)  -> (artifact id: 'c63ef6a47f57107d7daf9f7f6d6f1d4c') in 0.008584 seconds 
  Import took 0.012676 seconds .

========================================================================
Received Import Request.
  Time since last request: 6.201544 seconds.
  path: Assets/Scripts/UI/Card/Data/Five-Diamond.asset
  artifactKey: Guid(76034db13dcd94c4aaa4af7a04408376) Importer(815301076,1909f56bfc062723c751e8b465ee728b)
Start importing Assets/Scripts/UI/Card/Data/Five-Diamond.asset using Guid(76034db13dcd94c4aaa4af7a04408376) Importer(815301076,1909f56bfc062723c751e8b465ee728b)  -> (artifact id: 'b40e7ed6480bcefbfa1cd5506698930d') in 0.007389 seconds 
  Import took 0.010994 seconds .

========================================================================
Received Import Request.
  Time since last request: 5.237257 seconds.
  path: Assets/Scripts/UI/Card/Data/Five-Heart.asset
  artifactKey: Guid(b6a02a9f903c73a49989af90542c017c) Importer(815301076,1909f56bfc062723c751e8b465ee728b)
Start importing Assets/Scripts/UI/Card/Data/Five-Heart.asset using Guid(b6a02a9f903c73a49989af90542c017c) Importer(815301076,1909f56bfc062723c751e8b465ee728b)  -> (artifact id: '7d0c85e7518393ee20b30404e71a6471') in 0.006989 seconds 
  Import took 0.010470 seconds .

========================================================================
Received Import Request.
  Time since last request: 4.609071 seconds.
  path: Assets/Scripts/UI/Card/Data/Five-Sword.asset
  artifactKey: Guid(71704379c84bf4b4eb4b36c50d0c94ac) Importer(815301076,1909f56bfc062723c751e8b465ee728b)
Start importing Assets/Scripts/UI/Card/Data/Five-Sword.asset using Guid(71704379c84bf4b4eb4b36c50d0c94ac) Importer(815301076,1909f56bfc062723c751e8b465ee728b)  -> (artifact id: '52d96d3e10eddb73c4ee3c14c0ef2dc6') in 0.010512 seconds 
  Import took 0.015548 seconds .

========================================================================
Received Import Request.
  Time since last request: 4.311011 seconds.
  path: Assets/Scripts/UI/Card/Data/Four-Crown.asset
  artifactKey: Guid(18edcf59617e1d8428a8a88cd14d25d2) Importer(815301076,1909f56bfc062723c751e8b465ee728b)
Start importing Assets/Scripts/UI/Card/Data/Four-Crown.asset using Guid(18edcf59617e1d8428a8a88cd14d25d2) Importer(815301076,1909f56bfc062723c751e8b465ee728b)  -> (artifact id: 'ddfa28f192cd8cb1746876d4668442fa') in 0.009925 seconds 
  Import took 0.014860 seconds .

========================================================================
Received Import Request.
  Time since last request: 6.349035 seconds.
  path: Assets/Scripts/UI/Card/Data/Four-Diamond.asset
  artifactKey: Guid(62e5cd1f344a8554ca5eb3b4ff07394f) Importer(815301076,1909f56bfc062723c751e8b465ee728b)
Start importing Assets/Scripts/UI/Card/Data/Four-Diamond.asset using Guid(62e5cd1f344a8554ca5eb3b4ff07394f) Importer(815301076,1909f56bfc062723c751e8b465ee728b)  -> (artifact id: '55cd523c3269ad952a704f43bb010523') in 0.007076 seconds 
  Import took 0.010766 seconds .

========================================================================
Received Import Request.
  Time since last request: 5.294613 seconds.
  path: Assets/Scripts/UI/Card/Data/Four-Heart.asset
  artifactKey: Guid(d16cd7a80a29a6645a92e06972839cc7) Importer(815301076,1909f56bfc062723c751e8b465ee728b)
Start importing Assets/Scripts/UI/Card/Data/Four-Heart.asset using Guid(d16cd7a80a29a6645a92e06972839cc7) Importer(815301076,1909f56bfc062723c751e8b465ee728b)  -> (artifact id: '20d1db7ce3e3e6a2d294c129c19a79a7') in 0.007633 seconds 
  Import took 0.011689 seconds .

========================================================================
Received Import Request.
  Time since last request: 7.732533 seconds.
  path: Assets/Scripts/UI/Card/Data/Four-Sword.asset
  artifactKey: Guid(70051271f1e5fe249b6749a36d5ebc3b) Importer(815301076,1909f56bfc062723c751e8b465ee728b)
Start importing Assets/Scripts/UI/Card/Data/Four-Sword.asset using Guid(70051271f1e5fe249b6749a36d5ebc3b) Importer(815301076,1909f56bfc062723c751e8b465ee728b)  -> (artifact id: '4b8256c9c89436d0e8671eb5406fb5f6') in 0.006360 seconds 
  Import took 0.009713 seconds .

========================================================================
Received Import Request.
  Time since last request: 4.914812 seconds.
  path: Assets/Scripts/UI/Card/Data/Jack-Crown.asset
  artifactKey: Guid(b2dcad4d2882e2b4f92737e5682463a7) Importer(815301076,1909f56bfc062723c751e8b465ee728b)
Start importing Assets/Scripts/UI/Card/Data/Jack-Crown.asset using Guid(b2dcad4d2882e2b4f92737e5682463a7) Importer(815301076,1909f56bfc062723c751e8b465ee728b)  -> (artifact id: 'b2bbb86987467ff87044512d0405c629') in 0.008873 seconds 
  Import took 0.013430 seconds .

========================================================================
Received Import Request.
  Time since last request: 7.868542 seconds.
  path: Assets/Scripts/UI/Card/Data/Jack-Diamond.asset
  artifactKey: Guid(976024306cee76f4caf553261fb56ee3) Importer(815301076,1909f56bfc062723c751e8b465ee728b)
Start importing Assets/Scripts/UI/Card/Data/Jack-Diamond.asset using Guid(976024306cee76f4caf553261fb56ee3) Importer(815301076,1909f56bfc062723c751e8b465ee728b)  -> (artifact id: 'a29f6cf082a1a4833da88035917e3196') in 0.006259 seconds 
  Import took 0.009566 seconds .

========================================================================
Received Import Request.
  Time since last request: 4.843192 seconds.
  path: Assets/Scripts/UI/Card/Data/Jack-Heart.asset
  artifactKey: Guid(cf36dfb7a5b731b4a849d9a27f512644) Importer(815301076,1909f56bfc062723c751e8b465ee728b)
Start importing Assets/Scripts/UI/Card/Data/Jack-Heart.asset using Guid(cf36dfb7a5b731b4a849d9a27f512644) Importer(815301076,1909f56bfc062723c751e8b465ee728b)  -> (artifact id: 'a37d29099b7daa6e9408c3358de8d802') in 0.007072 seconds 
  Import took 0.010631 seconds .

========================================================================
Received Import Request.
  Time since last request: 4.467875 seconds.
  path: Assets/Scripts/UI/Card/Data/Jack-Sword.asset
  artifactKey: Guid(8230fe35f833e194e9c32ffc35608087) Importer(815301076,1909f56bfc062723c751e8b465ee728b)
Start importing Assets/Scripts/UI/Card/Data/Jack-Sword.asset using Guid(8230fe35f833e194e9c32ffc35608087) Importer(815301076,1909f56bfc062723c751e8b465ee728b)  -> (artifact id: 'ef107e6f5169379929a0585b4bc461d3') in 0.008258 seconds 
  Import took 0.012848 seconds .

========================================================================
Received Import Request.
  Time since last request: 5.256272 seconds.
  path: Assets/Scripts/UI/Card/Data/Jack-Sword.asset
  artifactKey: Guid(8230fe35f833e194e9c32ffc35608087) Importer(815301076,1909f56bfc062723c751e8b465ee728b)
Start importing Assets/Scripts/UI/Card/Data/Jack-Sword.asset using Guid(8230fe35f833e194e9c32ffc35608087) Importer(815301076,1909f56bfc062723c751e8b465ee728b)  -> (artifact id: '45683aec657d04fb58eb6d7fad82c333') in 0.003454 seconds 
  Import took 0.008111 seconds .

========================================================================
Received Import Request.
  Time since last request: 0.968238 seconds.
  path: Assets/Scripts/UI/Card/Data/King-Crown.asset
  artifactKey: Guid(fff0d646ce1bfc64ca086e20206862af) Importer(815301076,1909f56bfc062723c751e8b465ee728b)
Start importing Assets/Scripts/UI/Card/Data/King-Crown.asset using Guid(fff0d646ce1bfc64ca086e20206862af) Importer(815301076,1909f56bfc062723c751e8b465ee728b)  -> (artifact id: '862830775517eb645915538115b6ac98') in 0.007245 seconds 
  Import took 0.011282 seconds .

========================================================================
Received Import Request.
  Time since last request: 8.691182 seconds.
  path: Assets/Scripts/UI/Card/Data/King-Crown.asset
  artifactKey: Guid(fff0d646ce1bfc64ca086e20206862af) Importer(815301076,1909f56bfc062723c751e8b465ee728b)
Start importing Assets/Scripts/UI/Card/Data/King-Crown.asset using Guid(fff0d646ce1bfc64ca086e20206862af) Importer(815301076,1909f56bfc062723c751e8b465ee728b)  -> (artifact id: 'cceeaab0bbd1dd93589eafba926a4375') in 0.003136 seconds 
  Import took 0.007568 seconds .

========================================================================
Received Import Request.
  Time since last request: 0.582728 seconds.
  path: Assets/Scripts/UI/Card/Data/King-Diamond.asset
  artifactKey: Guid(9285ce5a9771d2846ac922b4e4a26628) Importer(815301076,1909f56bfc062723c751e8b465ee728b)
Start importing Assets/Scripts/UI/Card/Data/King-Diamond.asset using Guid(9285ce5a9771d2846ac922b4e4a26628) Importer(815301076,1909f56bfc062723c751e8b465ee728b)  -> (artifact id: 'a381accadbd25bbd0f2503b2f4821f7e') in 0.006682 seconds 
  Import took 0.011095 seconds .

========================================================================
Received Import Request.
  Time since last request: 6.474913 seconds.
  path: Assets/Scripts/UI/Card/Data/King-Heart.asset
  artifactKey: Guid(e2a62f97ced37644a8fbac104269fb33) Importer(815301076,1909f56bfc062723c751e8b465ee728b)
Start importing Assets/Scripts/UI/Card/Data/King-Heart.asset using Guid(e2a62f97ced37644a8fbac104269fb33) Importer(815301076,1909f56bfc062723c751e8b465ee728b)  -> (artifact id: 'efa92c027709893e4c288dcda481250a') in 0.008465 seconds 
  Import took 0.012447 seconds .

========================================================================
Received Import Request.
  Time since last request: 4.785247 seconds.
  path: Assets/Scripts/UI/Card/Data/King-Sword.asset
  artifactKey: Guid(db9393319f090dc43a966767411c275e) Importer(815301076,1909f56bfc062723c751e8b465ee728b)
Start importing Assets/Scripts/UI/Card/Data/King-Sword.asset using Guid(db9393319f090dc43a966767411c275e) Importer(815301076,1909f56bfc062723c751e8b465ee728b)  -> (artifact id: '054db898dc58efffba4a04e248024cf7') in 0.007870 seconds 
  Import took 0.012063 seconds .

========================================================================
Received Import Request.
  Time since last request: 4.348091 seconds.
  path: Assets/Scripts/UI/Card/Data/King-Sword.asset
  artifactKey: Guid(db9393319f090dc43a966767411c275e) Importer(815301076,1909f56bfc062723c751e8b465ee728b)
Start importing Assets/Scripts/UI/Card/Data/King-Sword.asset using Guid(db9393319f090dc43a966767411c275e) Importer(815301076,1909f56bfc062723c751e8b465ee728b)  -> (artifact id: 'c1989a1874bf7b30b48d4d83fd2113ca') in 0.003629 seconds 
  Import took 0.007879 seconds .

========================================================================
Received Import Request.
  Time since last request: 0.795795 seconds.
  path: Assets/Scripts/UI/Card/Data/Nine-Crown.asset
  artifactKey: Guid(660cd873be238e9459edada6beac1840) Importer(815301076,1909f56bfc062723c751e8b465ee728b)
Start importing Assets/Scripts/UI/Card/Data/Nine-Crown.asset using Guid(660cd873be238e9459edada6beac1840) Importer(815301076,1909f56bfc062723c751e8b465ee728b)  -> (artifact id: '21fa69218f9836b5db9f951020254f5c') in 0.008452 seconds 
  Import took 0.012309 seconds .

========================================================================
Received Import Request.
  Time since last request: 8.149670 seconds.
  path: Assets/Scripts/UI/Card/Data/Nine-Diamond.asset
  artifactKey: Guid(3a887132c44eb1f4d9b68dab0090eee1) Importer(815301076,1909f56bfc062723c751e8b465ee728b)
Start importing Assets/Scripts/UI/Card/Data/Nine-Diamond.asset using Guid(3a887132c44eb1f4d9b68dab0090eee1) Importer(815301076,1909f56bfc062723c751e8b465ee728b)  -> (artifact id: '987ee03598257b4d8cf513c9125e7214') in 0.006514 seconds 
  Import took 0.009808 seconds .

========================================================================
Received Import Request.
  Time since last request: 6.434464 seconds.
  path: Assets/Scripts/UI/Card/Data/Nine-Heart.asset
  artifactKey: Guid(0b3d8b26cc5f272429d3537822b25276) Importer(815301076,1909f56bfc062723c751e8b465ee728b)
Start importing Assets/Scripts/UI/Card/Data/Nine-Heart.asset using Guid(0b3d8b26cc5f272429d3537822b25276) Importer(815301076,1909f56bfc062723c751e8b465ee728b)  -> (artifact id: 'f03bc8ae6e51a5c6b62bc76ae92dd80e') in 0.007037 seconds 
  Import took 0.010838 seconds .

========================================================================
Received Import Request.
  Time since last request: 4.893120 seconds.
  path: Assets/Scripts/UI/Card/Data/Nine-Sword.asset
  artifactKey: Guid(f0eecc45c6bf1fa40a416cee5bfdaab5) Importer(815301076,1909f56bfc062723c751e8b465ee728b)
Start importing Assets/Scripts/UI/Card/Data/Nine-Sword.asset using Guid(f0eecc45c6bf1fa40a416cee5bfdaab5) Importer(815301076,1909f56bfc062723c751e8b465ee728b)  -> (artifact id: 'd34ec26eccf608cd018f5fa53888aa6c') in 0.008367 seconds 
  Import took 0.012428 seconds .

========================================================================
Received Import Request.
  Time since last request: 4.245166 seconds.
  path: Assets/Scripts/UI/Card/Data/Queen-Diamond.asset
  artifactKey: Guid(6f02400c1cc884649ac6974dafcf99cc) Importer(815301076,1909f56bfc062723c751e8b465ee728b)
Start importing Assets/Scripts/UI/Card/Data/Queen-Diamond.asset using Guid(6f02400c1cc884649ac6974dafcf99cc) Importer(815301076,1909f56bfc062723c751e8b465ee728b)  -> (artifact id: 'ef917d68023e12f2fcdbf9beebe16d40') in 0.008827 seconds 
  Import took 0.013471 seconds .

========================================================================
Received Import Request.
  Time since last request: 0.668234 seconds.
  path: Assets/Scripts/UI/Card/Data/Queen-Crown.asset
  artifactKey: Guid(a8ac34f0fe8be87489849883d4fcf762) Importer(815301076,1909f56bfc062723c751e8b465ee728b)
Start importing Assets/Scripts/UI/Card/Data/Queen-Crown.asset using Guid(a8ac34f0fe8be87489849883d4fcf762) Importer(815301076,1909f56bfc062723c751e8b465ee728b)  -> (artifact id: '5e7712b737527c02f49673f7e49051e0') in 0.009419 seconds 
  Import took 0.013454 seconds .

========================================================================
Received Import Request.
  Time since last request: 19.570242 seconds.
  path: Assets/Scripts/UI/Card/Data/Queen-Heart.asset
  artifactKey: Guid(fe24d56c9e532cc46bfa1351a125dc7b) Importer(815301076,1909f56bfc062723c751e8b465ee728b)
Start importing Assets/Scripts/UI/Card/Data/Queen-Heart.asset using Guid(fe24d56c9e532cc46bfa1351a125dc7b) Importer(815301076,1909f56bfc062723c751e8b465ee728b)  -> (artifact id: 'e1f3bf284e36f0b52ba92d08c2e2be2f') in 0.009225 seconds 
  Import took 0.013923 seconds .

========================================================================
Received Import Request.
  Time since last request: 4.548246 seconds.
  path: Assets/Scripts/UI/Card/Data/Queen-Sword.asset
  artifactKey: Guid(365ceb6b433012a4a8ab5877b243c70f) Importer(815301076,1909f56bfc062723c751e8b465ee728b)
Start importing Assets/Scripts/UI/Card/Data/Queen-Sword.asset using Guid(365ceb6b433012a4a8ab5877b243c70f) Importer(815301076,1909f56bfc062723c751e8b465ee728b)  -> (artifact id: 'adef6c5fd877a995f1c74a22b1821621') in 0.008425 seconds 
  Import took 0.012684 seconds .

========================================================================
Received Import Request.
  Time since last request: 4.468760 seconds.
  path: Assets/Scripts/UI/Card/Data/Seven-Crown.asset
  artifactKey: Guid(a181d72d0e16e99448d3540872861e99) Importer(815301076,1909f56bfc062723c751e8b465ee728b)
Start importing Assets/Scripts/UI/Card/Data/Seven-Crown.asset using Guid(a181d72d0e16e99448d3540872861e99) Importer(815301076,1909f56bfc062723c751e8b465ee728b)  -> (artifact id: '19de8774476c6775c9be3764b8d6b225') in 0.007684 seconds 
  Import took 0.011843 seconds .

========================================================================
Received Import Request.
  Time since last request: 13.107832 seconds.
  path: Assets/Scripts/UI/Card/Data/Seven-Diamond.asset
  artifactKey: Guid(d2d7436c370bdf44c95735a3b3b48f3a) Importer(815301076,1909f56bfc062723c751e8b465ee728b)
Start importing Assets/Scripts/UI/Card/Data/Seven-Diamond.asset using Guid(d2d7436c370bdf44c95735a3b3b48f3a) Importer(815301076,1909f56bfc062723c751e8b465ee728b)  -> (artifact id: '044d99ddc4f6bcd3bafd833aa085dc4e') in 0.006186 seconds 
  Import took 0.009654 seconds .

========================================================================
Received Import Request.
  Time since last request: 3.317172 seconds.
  path: Assets/Scripts/UI/Card/Data/Six-Crown.asset
  artifactKey: Guid(27a88297af861c64292b493d812b4544) Importer(815301076,1909f56bfc062723c751e8b465ee728b)
Start importing Assets/Scripts/UI/Card/Data/Six-Crown.asset using Guid(27a88297af861c64292b493d812b4544) Importer(815301076,1909f56bfc062723c751e8b465ee728b)  -> (artifact id: '3dc8f529be3a6fe59430c055413e41a5') in 0.005671 seconds 
  Import took 0.008637 seconds .

========================================================================
Received Import Request.
  Time since last request: 8.372546 seconds.
  path: Assets/Scripts/UI/Card/Data/Seven-Heart.asset
  artifactKey: Guid(8d3f499dfeb7a0d4ab36f5b712c82aa3) Importer(815301076,1909f56bfc062723c751e8b465ee728b)
Start importing Assets/Scripts/UI/Card/Data/Seven-Heart.asset using Guid(8d3f499dfeb7a0d4ab36f5b712c82aa3) Importer(815301076,1909f56bfc062723c751e8b465ee728b)  -> (artifact id: '3f8ec5005f1ca109dfbfd6298c6d1535') in 0.007720 seconds 
  Import took 0.011253 seconds .

========================================================================
Received Import Request.
  Time since last request: 24.653807 seconds.
  path: Assets/Scripts/UI/Card/Data/Six-Crown.asset
  artifactKey: Guid(27a88297af861c64292b493d812b4544) Importer(815301076,1909f56bfc062723c751e8b465ee728b)
Start importing Assets/Scripts/UI/Card/Data/Six-Crown.asset using Guid(27a88297af861c64292b493d812b4544) Importer(815301076,1909f56bfc062723c751e8b465ee728b)  -> (artifact id: 'd303599b7995474f4a84e75c07eb95e9') in 0.003554 seconds 
  Import took 0.008061 seconds .

========================================================================
Received Import Request.
  Time since last request: 1.611433 seconds.
  path: Assets/Scripts/UI/Card/Data/Six-Diamond.asset
  artifactKey: Guid(86c905c2220d0fd41ad4bb05ef0a75c1) Importer(815301076,1909f56bfc062723c751e8b465ee728b)
Start importing Assets/Scripts/UI/Card/Data/Six-Diamond.asset using Guid(86c905c2220d0fd41ad4bb05ef0a75c1) Importer(815301076,1909f56bfc062723c751e8b465ee728b)  -> (artifact id: 'ff6f9a5a2dd7452957f24c6e4675409b') in 0.007905 seconds 
  Import took 0.011527 seconds .

========================================================================
Received Import Request.
  Time since last request: 15.703122 seconds.
  path: Assets/Scripts/UI/Card/Data/Six-Sword.asset
  artifactKey: Guid(18ea0a0e73950a9488ed7ee5b67e43a0) Importer(815301076,1909f56bfc062723c751e8b465ee728b)
Start importing Assets/Scripts/UI/Card/Data/Six-Sword.asset using Guid(18ea0a0e73950a9488ed7ee5b67e43a0) Importer(815301076,1909f56bfc062723c751e8b465ee728b)  -> (artifact id: '5f19f5648fe1dc6bf8c5c15886aba086') in 0.009349 seconds 
  Import took 0.014380 seconds .

========================================================================
Received Import Request.
  Time since last request: 13.979160 seconds.
  path: Assets/Scripts/UI/Card/Data/Six-Sword.asset
  artifactKey: Guid(18ea0a0e73950a9488ed7ee5b67e43a0) Importer(815301076,1909f56bfc062723c751e8b465ee728b)
Start importing Assets/Scripts/UI/Card/Data/Six-Sword.asset using Guid(18ea0a0e73950a9488ed7ee5b67e43a0) Importer(815301076,1909f56bfc062723c751e8b465ee728b)  -> (artifact id: 'e5ed135180f92e883a4b127729f329d9') in 0.002754 seconds 
  Import took 0.006523 seconds .

========================================================================
Received Import Request.
  Time since last request: 0.787912 seconds.
  path: Assets/Scripts/UI/Card/Data/Ten-Crown.asset
  artifactKey: Guid(6ec0e492d2a58d0439e69c3a4eabc9f4) Importer(815301076,1909f56bfc062723c751e8b465ee728b)
Start importing Assets/Scripts/UI/Card/Data/Ten-Crown.asset using Guid(6ec0e492d2a58d0439e69c3a4eabc9f4) Importer(815301076,1909f56bfc062723c751e8b465ee728b)  -> (artifact id: '16d64e2dc66ea347fc62262879197173') in 0.002981 seconds 
  Import took 0.006547 seconds .

========================================================================
Received Import Request.
  Time since last request: 13.432446 seconds.
  path: Assets/Scripts/Card.cs
  artifactKey: Guid(c3919e41bf83b2c46a7eb16a5e30068d) Importer(815301076,1909f56bfc062723c751e8b465ee728b)
Start importing Assets/Scripts/Card.cs using Guid(c3919e41bf83b2c46a7eb16a5e30068d) Importer(815301076,1909f56bfc062723c751e8b465ee728b)  -> (artifact id: '7661859b747f97e2e7902cfd7f2be0e0') in 0.001874 seconds 
  Import took 0.004936 seconds .

========================================================================
Received Import Request.
  Time since last request: 3.748688 seconds.
  path: Assets/Scripts/CSVToCards.cs
  artifactKey: Guid(8354d331a1fd0f849a007625274cb76e) Importer(815301076,1909f56bfc062723c751e8b465ee728b)
Start importing Assets/Scripts/CSVToCards.cs using Guid(8354d331a1fd0f849a007625274cb76e) Importer(815301076,1909f56bfc062723c751e8b465ee728b)  -> (artifact id: 'a3770227a7090e782d330a9a7a1f99e6') in 0.005670 seconds 
  Import took 0.008761 seconds .

========================================================================
Received Prepare
Registering precompiled user dll's ...
Registered in 0.003036 seconds.
Begin MonoManager ReloadAssembly
Native extension for Lumin target not found
Native extension for LinuxStandalone target not found
Native extension for WindowsStandalone target not found
Native extension for OSXStandalone target not found
Native extension for WebGL target not found
Refreshing native plugins compatible for Editor in 0.75 ms, found 2 plugins.
Preloading 0 native plugins for Editor in 0.00 ms.
Mono: successfully reloaded assembly
- Completed reload, in  0.856 seconds
Domain Reload Profiling:
	ReloadAssembly (857ms)
		BeginReloadAssembly (98ms)
			ExecutionOrderSort (0ms)
			DisableScriptedObjects (5ms)
			BackupInstance (0ms)
			ReleaseScriptingObjects (0ms)
			CreateAndSetChildDomain (35ms)
		EndReloadAssembly (709ms)
			LoadAssemblies (71ms)
			RebuildTransferFunctionScriptingTraits (0ms)
			SetupTypeCache (213ms)
			ReleaseScriptCaches (1ms)
			RebuildScriptCaches (35ms)
			SetupLoadedEditorAssemblies (316ms)
				LogAssemblyErrors (0ms)
				InitializePlatformSupportModulesInManaged (8ms)
				SetLoadedEditorAssemblies (1ms)
				RefreshPlugins (1ms)
				BeforeProcessingInitializeOnLoad (78ms)
				ProcessInitializeOnLoadAttributes (190ms)
				ProcessInitializeOnLoadMethodAttributes (33ms)
				AfterProcessingInitializeOnLoad (5ms)
				EditorAssembliesLoaded (0ms)
			ExecutionOrderSort2 (0ms)
			AwakeInstancesAfterBackupRestoration (6ms)
Platform modules already initialized, skipping
Refreshing native plugins compatible for Editor in 0.70 ms, found 2 plugins.
Preloading 0 native plugins for Editor in 0.00 ms.
Unloading 2134 Unused Serialized files (Serialized files now loaded: 0)
System memory in use before: 86.2 MB.
System memory in use after: 86.3 MB.

Unloading 49 unused Assets to reduce memory usage. Loaded Objects now: 2561.
Total: 6.460400 ms (FindLiveObjects: 0.206100 ms CreateObjectMapping: 0.101200 ms MarkObjects: 6.119600 ms  DeleteObjects: 0.032200 ms)

AssetImportParameters requested are different than current active one (requested -> active):
  custom:framework-win-MediaFoundation: 216162199b28c13a410421893ffa2e32 -> 
  custom:video-decoder-ogg-theora: a1e56fd34408186e4bbccfd4996cb3dc -> 
  custom:container-muxer-webm: aa71ff27fc2769a1b78a27578f13a17b -> 
  custom:container-demuxer-webm: 4f35f7cbe854078d1ac9338744f61a02 -> 
  custom:container-demuxer-ogg: 62fdf1f143b41e24485cea50d1cbac27 -> 
  custom:video-encoder-webm-vp8: eb34c28f22e8b96e1ab97ce403110664 -> 
  custom:video-decoder-webm-vp8: 9c59270c3fd7afecdb556c50c9e8de78 -> 
  custom:audio-decoder-ogg-vorbis: bf7c407c2cedff20999df2af8eb42d56 -> 
  custom:audio-encoder-webm-vorbis: bf7c407c2cedff20999df2af8eb42d56 -> 
========================================================================
Received Import Request.
  Time since last request: 84.170205 seconds.
  path: Assets/Scripts/UI/Card/CardView.cs
  artifactKey: Guid(310f7f8b771cad045b0a57b24a8bd6d6) Importer(815301076,1909f56bfc062723c751e8b465ee728b)
Start importing Assets/Scripts/UI/Card/CardView.cs using Guid(310f7f8b771cad045b0a57b24a8bd6d6) Importer(815301076,1909f56bfc062723c751e8b465ee728b)  -> (artifact id: 'ca51c906af3a230614b20bf81cca9a33') in 0.007114 seconds 
  Import took 0.010463 seconds .

========================================================================
Received Prepare
Registering precompiled user dll's ...
Registered in 0.003628 seconds.
Begin MonoManager ReloadAssembly
Native extension for Lumin target not found
Native extension for LinuxStandalone target not found
Native extension for WindowsStandalone target not found
Native extension for OSXStandalone target not found
Native extension for WebGL target not found
Refreshing native plugins compatible for Editor in 0.75 ms, found 2 plugins.
Preloading 0 native plugins for Editor in 0.00 ms.
Mono: successfully reloaded assembly
- Completed reload, in  0.925 seconds
Domain Reload Profiling:
	ReloadAssembly (925ms)
		BeginReloadAssembly (118ms)
			ExecutionOrderSort (0ms)
			DisableScriptedObjects (9ms)
			BackupInstance (0ms)
			ReleaseScriptingObjects (0ms)
			CreateAndSetChildDomain (36ms)
		EndReloadAssembly (755ms)
			LoadAssemblies (78ms)
			RebuildTransferFunctionScriptingTraits (0ms)
			SetupTypeCache (224ms)
			ReleaseScriptCaches (1ms)
			RebuildScriptCaches (39ms)
			SetupLoadedEditorAssemblies (338ms)
				LogAssemblyErrors (0ms)
				InitializePlatformSupportModulesInManaged (8ms)
				SetLoadedEditorAssemblies (0ms)
				RefreshPlugins (1ms)
				BeforeProcessingInitializeOnLoad (82ms)
				ProcessInitializeOnLoadAttributes (207ms)
				ProcessInitializeOnLoadMethodAttributes (35ms)
				AfterProcessingInitializeOnLoad (5ms)
				EditorAssembliesLoaded (0ms)
			ExecutionOrderSort2 (0ms)
			AwakeInstancesAfterBackupRestoration (6ms)
Platform modules already initialized, skipping
Refreshing native plugins compatible for Editor in 0.77 ms, found 2 plugins.
Preloading 0 native plugins for Editor in 0.00 ms.
Unloading 2134 Unused Serialized files (Serialized files now loaded: 0)
System memory in use before: 86.2 MB.
System memory in use after: 86.3 MB.

Unloading 49 unused Assets to reduce memory usage. Loaded Objects now: 2563.
Total: 6.304500 ms (FindLiveObjects: 0.185700 ms CreateObjectMapping: 0.053000 ms MarkObjects: 6.037500 ms  DeleteObjects: 0.026900 ms)

AssetImportParameters requested are different than current active one (requested -> active):
  custom:framework-win-MediaFoundation: 216162199b28c13a410421893ffa2e32 -> 
  custom:video-decoder-ogg-theora: a1e56fd34408186e4bbccfd4996cb3dc -> 
  custom:container-muxer-webm: aa71ff27fc2769a1b78a27578f13a17b -> 
  custom:container-demuxer-webm: 4f35f7cbe854078d1ac9338744f61a02 -> 
  custom:container-demuxer-ogg: 62fdf1f143b41e24485cea50d1cbac27 -> 
  custom:video-encoder-webm-vp8: eb34c28f22e8b96e1ab97ce403110664 -> 
  custom:video-decoder-webm-vp8: 9c59270c3fd7afecdb556c50c9e8de78 -> 
  custom:audio-decoder-ogg-vorbis: bf7c407c2cedff20999df2af8eb42d56 -> 
  custom:audio-encoder-webm-vorbis: bf7c407c2cedff20999df2af8eb42d56 -> 
========================================================================
Received Prepare
Registering precompiled user dll's ...
Registered in 0.002864 seconds.
Begin MonoManager ReloadAssembly
Native extension for Lumin target not found
Native extension for LinuxStandalone target not found
Native extension for WindowsStandalone target not found
Native extension for OSXStandalone target not found
Native extension for WebGL target not found
Refreshing native plugins compatible for Editor in 0.69 ms, found 2 plugins.
Preloading 0 native plugins for Editor in 0.00 ms.
Mono: successfully reloaded assembly
- Completed reload, in  0.816 seconds
Domain Reload Profiling:
	ReloadAssembly (816ms)
		BeginReloadAssembly (91ms)
			ExecutionOrderSort (0ms)
			DisableScriptedObjects (5ms)
			BackupInstance (0ms)
			ReleaseScriptingObjects (0ms)
			CreateAndSetChildDomain (32ms)
		EndReloadAssembly (676ms)
			LoadAssemblies (67ms)
			RebuildTransferFunctionScriptingTraits (0ms)
			SetupTypeCache (194ms)
			ReleaseScriptCaches (1ms)
			RebuildScriptCaches (34ms)
			SetupLoadedEditorAssemblies (310ms)
				LogAssemblyErrors (0ms)
				InitializePlatformSupportModulesInManaged (7ms)
				SetLoadedEditorAssemblies (0ms)
				RefreshPlugins (1ms)
				BeforeProcessingInitializeOnLoad (76ms)
				ProcessInitializeOnLoadAttributes (187ms)
				ProcessInitializeOnLoadMethodAttributes (34ms)
				AfterProcessingInitializeOnLoad (5ms)
				EditorAssembliesLoaded (0ms)
			ExecutionOrderSort2 (0ms)
			AwakeInstancesAfterBackupRestoration (6ms)
Platform modules already initialized, skipping
Refreshing native plugins compatible for Editor in 0.72 ms, found 2 plugins.
Preloading 0 native plugins for Editor in 0.00 ms.
Unloading 2134 Unused Serialized files (Serialized files now loaded: 0)
System memory in use before: 86.2 MB.
System memory in use after: 86.3 MB.

Unloading 49 unused Assets to reduce memory usage. Loaded Objects now: 2565.
Total: 5.196100 ms (FindLiveObjects: 0.147800 ms CreateObjectMapping: 0.055400 ms MarkObjects: 4.972500 ms  DeleteObjects: 0.019200 ms)

AssetImportParameters requested are different than current active one (requested -> active):
  custom:framework-win-MediaFoundation: 216162199b28c13a410421893ffa2e32 -> 
  custom:video-decoder-ogg-theora: a1e56fd34408186e4bbccfd4996cb3dc -> 
  custom:container-muxer-webm: aa71ff27fc2769a1b78a27578f13a17b -> 
  custom:container-demuxer-webm: 4f35f7cbe854078d1ac9338744f61a02 -> 
  custom:container-demuxer-ogg: 62fdf1f143b41e24485cea50d1cbac27 -> 
  custom:video-encoder-webm-vp8: eb34c28f22e8b96e1ab97ce403110664 -> 
  custom:video-decoder-webm-vp8: 9c59270c3fd7afecdb556c50c9e8de78 -> 
  custom:audio-decoder-ogg-vorbis: bf7c407c2cedff20999df2af8eb42d56 -> 
  custom:audio-encoder-webm-vorbis: bf7c407c2cedff20999df2af8eb42d56 -> 
========================================================================
Received Prepare
Registering precompiled user dll's ...
Registered in 0.003357 seconds.
Begin MonoManager ReloadAssembly
Native extension for Lumin target not found
Native extension for LinuxStandalone target not found
Native extension for WindowsStandalone target not found
Native extension for OSXStandalone target not found
Native extension for WebGL target not found
Refreshing native plugins compatible for Editor in 0.73 ms, found 2 plugins.
Preloading 0 native plugins for Editor in 0.00 ms.
Mono: successfully reloaded assembly
- Completed reload, in  0.862 seconds
Domain Reload Profiling:
	ReloadAssembly (862ms)
		BeginReloadAssembly (101ms)
			ExecutionOrderSort (0ms)
			DisableScriptedObjects (6ms)
			BackupInstance (0ms)
			ReleaseScriptingObjects (0ms)
			CreateAndSetChildDomain (29ms)
		EndReloadAssembly (714ms)
			LoadAssemblies (69ms)
			RebuildTransferFunctionScriptingTraits (0ms)
			SetupTypeCache (215ms)
			ReleaseScriptCaches (1ms)
			RebuildScriptCaches (37ms)
			SetupLoadedEditorAssemblies (316ms)
				LogAssemblyErrors (0ms)
				InitializePlatformSupportModulesInManaged (8ms)
				SetLoadedEditorAssemblies (1ms)
				RefreshPlugins (1ms)
				BeforeProcessingInitializeOnLoad (77ms)
				ProcessInitializeOnLoadAttributes (190ms)
				ProcessInitializeOnLoadMethodAttributes (34ms)
				AfterProcessingInitializeOnLoad (5ms)
				EditorAssembliesLoaded (0ms)
			ExecutionOrderSort2 (0ms)
			AwakeInstancesAfterBackupRestoration (6ms)
Platform modules already initialized, skipping
Refreshing native plugins compatible for Editor in 0.71 ms, found 2 plugins.
Preloading 0 native plugins for Editor in 0.00 ms.
Unloading 2134 Unused Serialized files (Serialized files now loaded: 0)
System memory in use before: 86.2 MB.
System memory in use after: 86.3 MB.

Unloading 49 unused Assets to reduce memory usage. Loaded Objects now: 2567.
Total: 5.817400 ms (FindLiveObjects: 0.154400 ms CreateObjectMapping: 0.074400 ms MarkObjects: 5.566200 ms  DeleteObjects: 0.021500 ms)

AssetImportParameters requested are different than current active one (requested -> active):
  custom:framework-win-MediaFoundation: 216162199b28c13a410421893ffa2e32 -> 
  custom:video-decoder-ogg-theora: a1e56fd34408186e4bbccfd4996cb3dc -> 
  custom:container-muxer-webm: aa71ff27fc2769a1b78a27578f13a17b -> 
  custom:container-demuxer-webm: 4f35f7cbe854078d1ac9338744f61a02 -> 
  custom:container-demuxer-ogg: 62fdf1f143b41e24485cea50d1cbac27 -> 
  custom:video-encoder-webm-vp8: eb34c28f22e8b96e1ab97ce403110664 -> 
  custom:video-decoder-webm-vp8: 9c59270c3fd7afecdb556c50c9e8de78 -> 
  custom:audio-decoder-ogg-vorbis: bf7c407c2cedff20999df2af8eb42d56 -> 
  custom:audio-encoder-webm-vorbis: bf7c407c2cedff20999df2af8eb42d56 -> 
========================================================================
Received Import Request.
  Time since last request: 569.037430 seconds.
  path: Assets/Scripts/UI/Card/DummyCard.prefab
  artifactKey: Guid(c3085bd90ef44f8459a970ff2ca4a362) Importer(815301076,1909f56bfc062723c751e8b465ee728b)
Start importing Assets/Scripts/UI/Card/DummyCard.prefab using Guid(c3085bd90ef44f8459a970ff2ca4a362) Importer(815301076,1909f56bfc062723c751e8b465ee728b)  -> (artifact id: '15c7e9435043c80211b95695b0b047b9') in 0.032890 seconds 
  Import took 0.036027 seconds .

========================================================================
Received Import Request.
  Time since last request: 2.340471 seconds.
  path: Assets/Scripts/UI/Card/Card.prefab
  artifactKey: Guid(38d98972650092444b0114bf6c9e45b9) Importer(815301076,1909f56bfc062723c751e8b465ee728b)
Start importing Assets/Scripts/UI/Card/Card.prefab using Guid(38d98972650092444b0114bf6c9e45b9) Importer(815301076,1909f56bfc062723c751e8b465ee728b)  -> (artifact id: 'a5e6efaa120863f032d74b81783a70aa') in 0.004311 seconds 
  Import took 0.007335 seconds .

========================================================================
Received Import Request.
  Time since last request: 11.808923 seconds.
  path: Assets/Scripts/UI/Card/DummyCard.prefab
  artifactKey: Guid(c3085bd90ef44f8459a970ff2ca4a362) Importer(815301076,1909f56bfc062723c751e8b465ee728b)
Start importing Assets/Scripts/UI/Card/DummyCard.prefab using Guid(c3085bd90ef44f8459a970ff2ca4a362) Importer(815301076,1909f56bfc062723c751e8b465ee728b)  -> (artifact id: 'a7b47feca1d46707691ddd683d8b921b') in 0.004759 seconds 
  Import took 0.008013 seconds .

========================================================================
Received Import Request.
  Time since last request: 6.259435 seconds.
  path: Assets/Scripts/UI/Card/DummyCard.prefab
  artifactKey: Guid(c3085bd90ef44f8459a970ff2ca4a362) Importer(815301076,1909f56bfc062723c751e8b465ee728b)
Start importing Assets/Scripts/UI/Card/DummyCard.prefab using Guid(c3085bd90ef44f8459a970ff2ca4a362) Importer(815301076,1909f56bfc062723c751e8b465ee728b)  -> (artifact id: '7ec7417dd89860d7cb443169a17b59a5') in 0.004204 seconds 
  Import took 0.007537 seconds .

========================================================================
Received Prepare
Registering precompiled user dll's ...
Registered in 0.003629 seconds.
Begin MonoManager ReloadAssembly
Native extension for Lumin target not found
Native extension for LinuxStandalone target not found
Native extension for WindowsStandalone target not found
Native extension for OSXStandalone target not found
Native extension for WebGL target not found
Refreshing native plugins compatible for Editor in 1.19 ms, found 2 plugins.
Preloading 0 native plugins for Editor in 0.00 ms.
Mono: successfully reloaded assembly
- Completed reload, in  1.100 seconds
Domain Reload Profiling:
	ReloadAssembly (1101ms)
		BeginReloadAssembly (121ms)
			ExecutionOrderSort (0ms)
			DisableScriptedObjects (8ms)
			BackupInstance (0ms)
			ReleaseScriptingObjects (0ms)
			CreateAndSetChildDomain (38ms)
		EndReloadAssembly (912ms)
			LoadAssemblies (91ms)
			RebuildTransferFunctionScriptingTraits (0ms)
			SetupTypeCache (268ms)
			ReleaseScriptCaches (1ms)
			RebuildScriptCaches (47ms)
			SetupLoadedEditorAssemblies (416ms)
				LogAssemblyErrors (0ms)
				InitializePlatformSupportModulesInManaged (10ms)
				SetLoadedEditorAssemblies (1ms)
				RefreshPlugins (1ms)
				BeforeProcessingInitializeOnLoad (100ms)
				ProcessInitializeOnLoadAttributes (247ms)
				ProcessInitializeOnLoadMethodAttributes (51ms)
				AfterProcessingInitializeOnLoad (6ms)
				EditorAssembliesLoaded (0ms)
			ExecutionOrderSort2 (0ms)
			AwakeInstancesAfterBackupRestoration (8ms)
Platform modules already initialized, skipping
Refreshing native plugins compatible for Editor in 0.83 ms, found 2 plugins.
Preloading 0 native plugins for Editor in 0.00 ms.
Unloading 2134 Unused Serialized files (Serialized files now loaded: 0)
System memory in use before: 86.2 MB.
System memory in use after: 86.3 MB.

Unloading 49 unused Assets to reduce memory usage. Loaded Objects now: 2569.
Total: 6.269700 ms (FindLiveObjects: 0.209600 ms CreateObjectMapping: 0.058300 ms MarkObjects: 5.972800 ms  DeleteObjects: 0.027700 ms)

AssetImportParameters requested are different than current active one (requested -> active):
  custom:framework-win-MediaFoundation: 216162199b28c13a410421893ffa2e32 -> 
  custom:video-decoder-ogg-theora: a1e56fd34408186e4bbccfd4996cb3dc -> 
  custom:container-muxer-webm: aa71ff27fc2769a1b78a27578f13a17b -> 
  custom:container-demuxer-webm: 4f35f7cbe854078d1ac9338744f61a02 -> 
  custom:container-demuxer-ogg: 62fdf1f143b41e24485cea50d1cbac27 -> 
  custom:video-encoder-webm-vp8: eb34c28f22e8b96e1ab97ce403110664 -> 
  custom:video-decoder-webm-vp8: 9c59270c3fd7afecdb556c50c9e8de78 -> 
  custom:audio-decoder-ogg-vorbis: bf7c407c2cedff20999df2af8eb42d56 -> 
  custom:audio-encoder-webm-vorbis: bf7c407c2cedff20999df2af8eb42d56 -> 
========================================================================
Received Prepare
Registering precompiled user dll's ...
Registered in 0.003396 seconds.
Begin MonoManager ReloadAssembly
Native extension for Lumin target not found
Native extension for LinuxStandalone target not found
Native extension for WindowsStandalone target not found
Native extension for OSXStandalone target not found
Native extension for WebGL target not found
Refreshing native plugins compatible for Editor in 0.84 ms, found 2 plugins.
Preloading 0 native plugins for Editor in 0.00 ms.
Mono: successfully reloaded assembly
- Completed reload, in  1.107 seconds
Domain Reload Profiling:
	ReloadAssembly (1107ms)
		BeginReloadAssembly (128ms)
			ExecutionOrderSort (0ms)
			DisableScriptedObjects (6ms)
			BackupInstance (0ms)
			ReleaseScriptingObjects (0ms)
			CreateAndSetChildDomain (38ms)
		EndReloadAssembly (920ms)
			LoadAssemblies (92ms)
			RebuildTransferFunctionScriptingTraits (0ms)
			SetupTypeCache (271ms)
			ReleaseScriptCaches (1ms)
			RebuildScriptCaches (43ms)
			SetupLoadedEditorAssemblies (418ms)
				LogAssemblyErrors (0ms)
				InitializePlatformSupportModulesInManaged (9ms)
				SetLoadedEditorAssemblies (1ms)
				RefreshPlugins (1ms)
				BeforeProcessingInitializeOnLoad (92ms)
				ProcessInitializeOnLoadAttributes (266ms)
				ProcessInitializeOnLoadMethodAttributes (43ms)
				AfterProcessingInitializeOnLoad (6ms)
				EditorAssembliesLoaded (0ms)
			ExecutionOrderSort2 (0ms)
			AwakeInstancesAfterBackupRestoration (7ms)
Platform modules already initialized, skipping
Refreshing native plugins compatible for Editor in 1.10 ms, found 2 plugins.
Preloading 0 native plugins for Editor in 0.00 ms.
Unloading 2134 Unused Serialized files (Serialized files now loaded: 0)
System memory in use before: 86.2 MB.
System memory in use after: 86.3 MB.

Unloading 49 unused Assets to reduce memory usage. Loaded Objects now: 2571.
Total: 9.632600 ms (FindLiveObjects: 0.227400 ms CreateObjectMapping: 0.129500 ms MarkObjects: 9.232700 ms  DeleteObjects: 0.040900 ms)

AssetImportParameters requested are different than current active one (requested -> active):
  custom:framework-win-MediaFoundation: 216162199b28c13a410421893ffa2e32 -> 
  custom:video-decoder-ogg-theora: a1e56fd34408186e4bbccfd4996cb3dc -> 
  custom:container-muxer-webm: aa71ff27fc2769a1b78a27578f13a17b -> 
  custom:container-demuxer-webm: 4f35f7cbe854078d1ac9338744f61a02 -> 
  custom:container-demuxer-ogg: 62fdf1f143b41e24485cea50d1cbac27 -> 
  custom:video-encoder-webm-vp8: eb34c28f22e8b96e1ab97ce403110664 -> 
  custom:video-decoder-webm-vp8: 9c59270c3fd7afecdb556c50c9e8de78 -> 
  custom:audio-decoder-ogg-vorbis: bf7c407c2cedff20999df2af8eb42d56 -> 
  custom:audio-encoder-webm-vorbis: bf7c407c2cedff20999df2af8eb42d56 -> 
========================================================================
Received Prepare
Registering precompiled user dll's ...
Registered in 0.002876 seconds.
Begin MonoManager ReloadAssembly
Native extension for Lumin target not found
Native extension for LinuxStandalone target not found
Native extension for WindowsStandalone target not found
Native extension for OSXStandalone target not found
Native extension for WebGL target not found
Refreshing native plugins compatible for Editor in 0.73 ms, found 2 plugins.
Preloading 0 native plugins for Editor in 0.00 ms.
Mono: successfully reloaded assembly
- Completed reload, in  0.843 seconds
Domain Reload Profiling:
	ReloadAssembly (843ms)
		BeginReloadAssembly (101ms)
			ExecutionOrderSort (0ms)
			DisableScriptedObjects (6ms)
			BackupInstance (0ms)
			ReleaseScriptingObjects (0ms)
			CreateAndSetChildDomain (32ms)
		EndReloadAssembly (688ms)
			LoadAssemblies (73ms)
			RebuildTransferFunctionScriptingTraits (0ms)
			SetupTypeCache (208ms)
			ReleaseScriptCaches (1ms)
			RebuildScriptCaches (34ms)
			SetupLoadedEditorAssemblies (306ms)
				LogAssemblyErrors (0ms)
				InitializePlatformSupportModulesInManaged (7ms)
				SetLoadedEditorAssemblies (0ms)
				RefreshPlugins (1ms)
				BeforeProcessingInitializeOnLoad (72ms)
				ProcessInitializeOnLoadAttributes (187ms)
				ProcessInitializeOnLoadMethodAttributes (33ms)
				AfterProcessingInitializeOnLoad (5ms)
				EditorAssembliesLoaded (0ms)
			ExecutionOrderSort2 (0ms)
			AwakeInstancesAfterBackupRestoration (6ms)
Platform modules already initialized, skipping
Refreshing native plugins compatible for Editor in 0.71 ms, found 2 plugins.
Preloading 0 native plugins for Editor in 0.00 ms.
Unloading 2134 Unused Serialized files (Serialized files now loaded: 0)
System memory in use before: 86.2 MB.
System memory in use after: 86.3 MB.

Unloading 49 unused Assets to reduce memory usage. Loaded Objects now: 2573.
Total: 5.713400 ms (FindLiveObjects: 0.160700 ms CreateObjectMapping: 0.067800 ms MarkObjects: 5.461000 ms  DeleteObjects: 0.022900 ms)

AssetImportParameters requested are different than current active one (requested -> active):
  custom:framework-win-MediaFoundation: 216162199b28c13a410421893ffa2e32 -> 
  custom:video-decoder-ogg-theora: a1e56fd34408186e4bbccfd4996cb3dc -> 
  custom:container-muxer-webm: aa71ff27fc2769a1b78a27578f13a17b -> 
  custom:container-demuxer-webm: 4f35f7cbe854078d1ac9338744f61a02 -> 
  custom:container-demuxer-ogg: 62fdf1f143b41e24485cea50d1cbac27 -> 
  custom:video-encoder-webm-vp8: eb34c28f22e8b96e1ab97ce403110664 -> 
  custom:video-decoder-webm-vp8: 9c59270c3fd7afecdb556c50c9e8de78 -> 
  custom:audio-decoder-ogg-vorbis: bf7c407c2cedff20999df2af8eb42d56 -> 
  custom:audio-encoder-webm-vorbis: bf7c407c2cedff20999df2af8eb42d56 -> 
========================================================================
Received Prepare
Registering precompiled user dll's ...
Registered in 0.003660 seconds.
Begin MonoManager ReloadAssembly
Native extension for Lumin target not found
Native extension for LinuxStandalone target not found
Native extension for WindowsStandalone target not found
Native extension for OSXStandalone target not found
Native extension for WebGL target not found
Refreshing native plugins compatible for Editor in 0.77 ms, found 2 plugins.
Preloading 0 native plugins for Editor in 0.00 ms.
Mono: successfully reloaded assembly
- Completed reload, in  0.985 seconds
Domain Reload Profiling:
	ReloadAssembly (986ms)
		BeginReloadAssembly (126ms)
			ExecutionOrderSort (0ms)
			DisableScriptedObjects (6ms)
			BackupInstance (0ms)
			ReleaseScriptingObjects (0ms)
			CreateAndSetChildDomain (36ms)
		EndReloadAssembly (795ms)
			LoadAssemblies (91ms)
			RebuildTransferFunctionScriptingTraits (0ms)
			SetupTypeCache (242ms)
			ReleaseScriptCaches (1ms)
			RebuildScriptCaches (41ms)
			SetupLoadedEditorAssemblies (342ms)
				LogAssemblyErrors (0ms)
				InitializePlatformSupportModulesInManaged (8ms)
				SetLoadedEditorAssemblies (0ms)
				RefreshPlugins (1ms)
				BeforeProcessingInitializeOnLoad (82ms)
				ProcessInitializeOnLoadAttributes (204ms)
				ProcessInitializeOnLoadMethodAttributes (40ms)
				AfterProcessingInitializeOnLoad (6ms)
				EditorAssembliesLoaded (0ms)
			ExecutionOrderSort2 (0ms)
			AwakeInstancesAfterBackupRestoration (7ms)
Platform modules already initialized, skipping
Refreshing native plugins compatible for Editor in 0.77 ms, found 2 plugins.
Preloading 0 native plugins for Editor in 0.00 ms.
Unloading 2134 Unused Serialized files (Serialized files now loaded: 0)
System memory in use before: 86.2 MB.
System memory in use after: 86.3 MB.

Unloading 49 unused Assets to reduce memory usage. Loaded Objects now: 2575.
Total: 6.641900 ms (FindLiveObjects: 0.161600 ms CreateObjectMapping: 0.078600 ms MarkObjects: 6.376400 ms  DeleteObjects: 0.024200 ms)

AssetImportParameters requested are different than current active one (requested -> active):
  custom:framework-win-MediaFoundation: 216162199b28c13a410421893ffa2e32 -> 
  custom:video-decoder-ogg-theora: a1e56fd34408186e4bbccfd4996cb3dc -> 
  custom:container-muxer-webm: aa71ff27fc2769a1b78a27578f13a17b -> 
  custom:container-demuxer-webm: 4f35f7cbe854078d1ac9338744f61a02 -> 
  custom:container-demuxer-ogg: 62fdf1f143b41e24485cea50d1cbac27 -> 
  custom:video-encoder-webm-vp8: eb34c28f22e8b96e1ab97ce403110664 -> 
  custom:video-decoder-webm-vp8: 9c59270c3fd7afecdb556c50c9e8de78 -> 
  custom:audio-decoder-ogg-vorbis: bf7c407c2cedff20999df2af8eb42d56 -> 
  custom:audio-encoder-webm-vorbis: bf7c407c2cedff20999df2af8eb42d56 -> 
========================================================================
Received Prepare
Registering precompiled user dll's ...
Registered in 0.003439 seconds.
Begin MonoManager ReloadAssembly
Native extension for Lumin target not found
Native extension for LinuxStandalone target not found
Native extension for WindowsStandalone target not found
Native extension for OSXStandalone target not found
Native extension for WebGL target not found
Refreshing native plugins compatible for Editor in 1.14 ms, found 2 plugins.
Preloading 0 native plugins for Editor in 0.00 ms.
Mono: successfully reloaded assembly
- Completed reload, in  0.980 seconds
Domain Reload Profiling:
	ReloadAssembly (981ms)
		BeginReloadAssembly (120ms)
			ExecutionOrderSort (0ms)
			DisableScriptedObjects (7ms)
			BackupInstance (0ms)
			ReleaseScriptingObjects (0ms)
			CreateAndSetChildDomain (34ms)
		EndReloadAssembly (799ms)
			LoadAssemblies (91ms)
			RebuildTransferFunctionScriptingTraits (0ms)
			SetupTypeCache (239ms)
			ReleaseScriptCaches (1ms)
			RebuildScriptCaches (44ms)
			SetupLoadedEditorAssemblies (338ms)
				LogAssemblyErrors (0ms)
				InitializePlatformSupportModulesInManaged (9ms)
				SetLoadedEditorAssemblies (1ms)
				RefreshPlugins (1ms)
				BeforeProcessingInitializeOnLoad (90ms)
				ProcessInitializeOnLoadAttributes (197ms)
				ProcessInitializeOnLoadMethodAttributes (34ms)
				AfterProcessingInitializeOnLoad (5ms)
				EditorAssembliesLoaded (0ms)
			ExecutionOrderSort2 (0ms)
			AwakeInstancesAfterBackupRestoration (6ms)
Platform modules already initialized, skipping
Refreshing native plugins compatible for Editor in 0.75 ms, found 2 plugins.
Preloading 0 native plugins for Editor in 0.00 ms.
Unloading 2134 Unused Serialized files (Serialized files now loaded: 0)
System memory in use before: 86.2 MB.
System memory in use after: 86.3 MB.

Unloading 49 unused Assets to reduce memory usage. Loaded Objects now: 2577.
Total: 5.845000 ms (FindLiveObjects: 0.159800 ms CreateObjectMapping: 0.071300 ms MarkObjects: 5.589800 ms  DeleteObjects: 0.023000 ms)

AssetImportParameters requested are different than current active one (requested -> active):
  custom:framework-win-MediaFoundation: 216162199b28c13a410421893ffa2e32 -> 
  custom:video-decoder-ogg-theora: a1e56fd34408186e4bbccfd4996cb3dc -> 
  custom:container-muxer-webm: aa71ff27fc2769a1b78a27578f13a17b -> 
  custom:container-demuxer-webm: 4f35f7cbe854078d1ac9338744f61a02 -> 
  custom:container-demuxer-ogg: 62fdf1f143b41e24485cea50d1cbac27 -> 
  custom:video-encoder-webm-vp8: eb34c28f22e8b96e1ab97ce403110664 -> 
  custom:video-decoder-webm-vp8: 9c59270c3fd7afecdb556c50c9e8de78 -> 
  custom:audio-decoder-ogg-vorbis: bf7c407c2cedff20999df2af8eb42d56 -> 
  custom:audio-encoder-webm-vorbis: bf7c407c2cedff20999df2af8eb42d56 -> 
========================================================================
Received Prepare
Registering precompiled user dll's ...
Registered in 0.004085 seconds.
Begin MonoManager ReloadAssembly
Native extension for Lumin target not found
Native extension for LinuxStandalone target not found
Native extension for WindowsStandalone target not found
Native extension for OSXStandalone target not found
Native extension for WebGL target not found
Refreshing native plugins compatible for Editor in 0.80 ms, found 2 plugins.
Preloading 0 native plugins for Editor in 0.00 ms.
Mono: successfully reloaded assembly
- Completed reload, in  0.993 seconds
Domain Reload Profiling:
	ReloadAssembly (993ms)
		BeginReloadAssembly (111ms)
			ExecutionOrderSort (0ms)
			DisableScriptedObjects (6ms)
			BackupInstance (0ms)
			ReleaseScriptingObjects (0ms)
			CreateAndSetChildDomain (34ms)
		EndReloadAssembly (827ms)
			LoadAssemblies (80ms)
			RebuildTransferFunctionScriptingTraits (0ms)
			SetupTypeCache (243ms)
			ReleaseScriptCaches (1ms)
			RebuildScriptCaches (40ms)
			SetupLoadedEditorAssemblies (382ms)
				LogAssemblyErrors (0ms)
				InitializePlatformSupportModulesInManaged (8ms)
				SetLoadedEditorAssemblies (0ms)
				RefreshPlugins (1ms)
				BeforeProcessingInitializeOnLoad (87ms)
				ProcessInitializeOnLoadAttributes (238ms)
				ProcessInitializeOnLoadMethodAttributes (41ms)
				AfterProcessingInitializeOnLoad (6ms)
				EditorAssembliesLoaded (0ms)
			ExecutionOrderSort2 (0ms)
			AwakeInstancesAfterBackupRestoration (7ms)
Platform modules already initialized, skipping
Refreshing native plugins compatible for Editor in 0.76 ms, found 2 plugins.
Preloading 0 native plugins for Editor in 0.00 ms.
Unloading 2134 Unused Serialized files (Serialized files now loaded: 0)
System memory in use before: 86.2 MB.
System memory in use after: 86.3 MB.

Unloading 49 unused Assets to reduce memory usage. Loaded Objects now: 2579.
Total: 6.580400 ms (FindLiveObjects: 0.158400 ms CreateObjectMapping: 0.065400 ms MarkObjects: 6.324400 ms  DeleteObjects: 0.031000 ms)

AssetImportParameters requested are different than current active one (requested -> active):
  custom:framework-win-MediaFoundation: 216162199b28c13a410421893ffa2e32 -> 
  custom:video-decoder-ogg-theora: a1e56fd34408186e4bbccfd4996cb3dc -> 
  custom:container-muxer-webm: aa71ff27fc2769a1b78a27578f13a17b -> 
  custom:container-demuxer-webm: 4f35f7cbe854078d1ac9338744f61a02 -> 
  custom:container-demuxer-ogg: 62fdf1f143b41e24485cea50d1cbac27 -> 
  custom:video-encoder-webm-vp8: eb34c28f22e8b96e1ab97ce403110664 -> 
  custom:video-decoder-webm-vp8: 9c59270c3fd7afecdb556c50c9e8de78 -> 
  custom:audio-decoder-ogg-vorbis: bf7c407c2cedff20999df2af8eb42d56 -> 
  custom:audio-encoder-webm-vorbis: bf7c407c2cedff20999df2af8eb42d56 -> 
========================================================================
Received Prepare
Registering precompiled user dll's ...
Registered in 0.002695 seconds.
Begin MonoManager ReloadAssembly
Native extension for Lumin target not found
Native extension for LinuxStandalone target not found
Native extension for WindowsStandalone target not found
Native extension for OSXStandalone target not found
Native extension for WebGL target not found
Refreshing native plugins compatible for Editor in 0.70 ms, found 2 plugins.
Preloading 0 native plugins for Editor in 0.00 ms.
Mono: successfully reloaded assembly
- Completed reload, in  0.787 seconds
Domain Reload Profiling:
	ReloadAssembly (788ms)
		BeginReloadAssembly (90ms)
			ExecutionOrderSort (0ms)
			DisableScriptedObjects (5ms)
			BackupInstance (0ms)
			ReleaseScriptingObjects (0ms)
			CreateAndSetChildDomain (28ms)
		EndReloadAssembly (652ms)
			LoadAssemblies (67ms)
			RebuildTransferFunctionScriptingTraits (0ms)
			SetupTypeCache (192ms)
			ReleaseScriptCaches (1ms)
			RebuildScriptCaches (34ms)
			SetupLoadedEditorAssemblies (291ms)
				LogAssemblyErrors (0ms)
				InitializePlatformSupportModulesInManaged (7ms)
				SetLoadedEditorAssemblies (0ms)
				RefreshPlugins (1ms)
				BeforeProcessingInitializeOnLoad (71ms)
				ProcessInitializeOnLoadAttributes (175ms)
				ProcessInitializeOnLoadMethodAttributes (32ms)
				AfterProcessingInitializeOnLoad (5ms)
				EditorAssembliesLoaded (0ms)
			ExecutionOrderSort2 (0ms)
			AwakeInstancesAfterBackupRestoration (6ms)
Platform modules already initialized, skipping
Refreshing native plugins compatible for Editor in 0.70 ms, found 2 plugins.
Preloading 0 native plugins for Editor in 0.00 ms.
Unloading 2134 Unused Serialized files (Serialized files now loaded: 0)
System memory in use before: 86.2 MB.
System memory in use after: 86.4 MB.

Unloading 49 unused Assets to reduce memory usage. Loaded Objects now: 2581.
Total: 5.097100 ms (FindLiveObjects: 0.162700 ms CreateObjectMapping: 0.053200 ms MarkObjects: 4.858400 ms  DeleteObjects: 0.021800 ms)

AssetImportParameters requested are different than current active one (requested -> active):
  custom:framework-win-MediaFoundation: 216162199b28c13a410421893ffa2e32 -> 
  custom:video-decoder-ogg-theora: a1e56fd34408186e4bbccfd4996cb3dc -> 
  custom:container-muxer-webm: aa71ff27fc2769a1b78a27578f13a17b -> 
  custom:container-demuxer-webm: 4f35f7cbe854078d1ac9338744f61a02 -> 
  custom:container-demuxer-ogg: 62fdf1f143b41e24485cea50d1cbac27 -> 
  custom:video-encoder-webm-vp8: eb34c28f22e8b96e1ab97ce403110664 -> 
  custom:video-decoder-webm-vp8: 9c59270c3fd7afecdb556c50c9e8de78 -> 
  custom:audio-decoder-ogg-vorbis: bf7c407c2cedff20999df2af8eb42d56 -> 
  custom:audio-encoder-webm-vorbis: bf7c407c2cedff20999df2af8eb42d56 -> 
